{"C:\\Projects\\Not-Alone-Backend\\src\\index.ts": {"path":"C:\\Projects\\Not-Alone-Backend\\src\\index.ts","statementMap":{"0":{"start":{"line":1,"column":0},"end":{"line":1,"column":30}},"1":{"start":{"line":2,"column":0},"end":{"line":2,"column":32}},"2":{"start":{"line":3,"column":0},"end":{"line":3,"column":24}},"3":{"start":{"line":4,"column":0},"end":{"line":4,"column":28}},"4":{"start":{"line":5,"column":0},"end":{"line":5,"column":28}},"5":{"start":{"line":6,"column":0},"end":{"line":6,"column":24}},"6":{"start":{"line":7,"column":0},"end":{"line":7,"column":28}},"7":{"start":{"line":8,"column":0},"end":{"line":8,"column":45}},"8":{"start":{"line":9,"column":0},"end":{"line":9,"column":50}},"9":{"start":{"line":12,"column":0},"end":{"line":12,"column":16}},"10":{"start":{"line":13,"column":0},"end":{"line":13,"column":14}},"11":{"start":{"line":15,"column":13},"end":{"line":15,"column":29}},"12":{"start":{"line":18,"column":0},"end":{"line":18,"column":18}},"13":{"start":{"line":19,"column":0},"end":{"line":26,"column":2}},"14":{"start":{"line":29,"column":0},"end":{"line":29,"column":23}},"15":{"start":{"line":30,"column":0},"end":{"line":30,"column":41}},"16":{"start":{"line":31,"column":0},"end":{"line":31,"column":63}},"17":{"start":{"line":34,"column":0},"end":{"line":34,"column":59}},"18":{"start":{"line":37,"column":0},"end":{"line":42,"column":3}},"19":{"start":{"line":38,"column":2},"end":{"line":38,"column":53}},"20":{"start":{"line":39,"column":2},"end":{"line":39,"column":43}},"21":{"start":{"line":40,"column":2},"end":{"line":40,"column":53}},"22":{"start":{"line":41,"column":2},"end":{"line":41,"column":9}},"23":{"start":{"line":45,"column":0},"end":{"line":45,"column":34}},"24":{"start":{"line":48,"column":0},"end":{"line":65,"column":2}},"25":{"start":{"line":55,"column":4},"end":{"line":55,"column":29}},"26":{"start":{"line":57,"column":6},"end":{"line":59,"column":21}},"27":{"start":{"line":60,"column":4},"end":{"line":63,"column":7}},"28":{"start":{"line":68,"column":25},"end":{"line":92,"column":1}},"29":{"start":{"line":70,"column":4},"end":{"line":72,"column":31}},"30":{"start":{"line":74,"column":2},"end":{"line":76,"column":3}},"31":{"start":{"line":75,"column":4},"end":{"line":75,"column":68}},"32":{"start":{"line":78,"column":2},"end":{"line":91,"column":3}},"33":{"start":{"line":79,"column":4},"end":{"line":79,"column":32}},"34":{"start":{"line":80,"column":4},"end":{"line":80,"column":78}},"35":{"start":{"line":82,"column":4},"end":{"line":88,"column":5}},"36":{"start":{"line":83,"column":6},"end":{"line":85,"column":8}},"37":{"start":{"line":86,"column":6},"end":{"line":86,"column":64}},"38":{"start":{"line":86,"column":37},"end":{"line":86,"column":62}},"39":{"start":{"line":87,"column":6},"end":{"line":87,"column":36}},"40":{"start":{"line":89,"column":4},"end":{"line":89,"column":54}},"41":{"start":{"line":90,"column":4},"end":{"line":90,"column":16}},"42":{"start":{"line":68,"column":13},"end":{"line":68,"column":25}},"43":{"start":{"line":95,"column":0},"end":{"line":118,"column":1}},"44":{"start":{"line":96,"column":15},"end":{"line":96,"column":39}},"45":{"start":{"line":97,"column":2},"end":{"line":117,"column":7}},"46":{"start":{"line":99,"column":21},"end":{"line":101,"column":8}},"47":{"start":{"line":100,"column":8},"end":{"line":100,"column":74}},"48":{"start":{"line":104,"column":6},"end":{"line":112,"column":9}},"49":{"start":{"line":105,"column":8},"end":{"line":105,"column":69}},"50":{"start":{"line":106,"column":8},"end":{"line":111,"column":11}},"51":{"start":{"line":107,"column":10},"end":{"line":107,"column":59}},"52":{"start":{"line":108,"column":10},"end":{"line":110,"column":13}},"53":{"start":{"line":109,"column":12},"end":{"line":109,"column":28}},"54":{"start":{"line":115,"column":6},"end":{"line":115,"column":54}},"55":{"start":{"line":116,"column":6},"end":{"line":116,"column":22}}},"fnMap":{"0":{"name":"(anonymous_1)","decl":{"start":{"line":37,"column":8},"end":{"line":37,"column":9}},"loc":{"start":{"line":37,"column":28},"end":{"line":42,"column":1}}},"1":{"name":"(anonymous_2)","decl":{"start":{"line":49,"column":2},"end":{"line":49,"column":null}},"loc":{"start":{"line":54,"column":6},"end":{"line":64,"column":3}}},"2":{"name":"(anonymous_3)","decl":{"start":{"line":68,"column":25},"end":{"line":68,"column":30}},"loc":{"start":{"line":68,"column":62},"end":{"line":92,"column":1}}},"3":{"name":"(anonymous_4)","decl":{"start":{"line":86,"column":24},"end":{"line":86,"column":25}},"loc":{"start":{"line":86,"column":37},"end":{"line":86,"column":62}}},"4":{"name":"(anonymous_5)","decl":{"start":{"line":98,"column":10},"end":{"line":98,"column":13}},"loc":{"start":{"line":98,"column":15},"end":{"line":113,"column":5}}},"5":{"name":"(anonymous_6)","decl":{"start":{"line":99,"column":38},"end":{"line":99,"column":41}},"loc":{"start":{"line":99,"column":43},"end":{"line":101,"column":7}}},"6":{"name":"(anonymous_7)","decl":{"start":{"line":104,"column":28},"end":{"line":104,"column":31}},"loc":{"start":{"line":104,"column":33},"end":{"line":112,"column":7}}},"7":{"name":"(anonymous_8)","decl":{"start":{"line":106,"column":21},"end":{"line":106,"column":24}},"loc":{"start":{"line":106,"column":26},"end":{"line":111,"column":9}}},"8":{"name":"(anonymous_9)","decl":{"start":{"line":108,"column":48},"end":{"line":108,"column":51}},"loc":{"start":{"line":108,"column":53},"end":{"line":110,"column":11}}},"9":{"name":"(anonymous_10)","decl":{"start":{"line":114,"column":11},"end":{"line":114,"column":12}},"loc":{"start":{"line":114,"column":21},"end":{"line":117,"column":5}}}},"branchMap":{"0":{"loc":{"start":{"line":21,"column":12},"end":{"line":21,"column":42}},"type":"binary-expr","locations":[{"start":{"line":21,"column":12},"end":{"line":21,"column":35}},{"start":{"line":21,"column":39},"end":{"line":21,"column":42}}]},"1":{"loc":{"start":{"line":57,"column":6},"end":{"line":59,"column":21}},"type":"cond-expr","locations":[{"start":{"line":58,"column":10},"end":{"line":58,"column":33}},{"start":{"line":59,"column":10},"end":{"line":59,"column":21}}]},"2":{"loc":{"start":{"line":62,"column":10},"end":{"line":62,"column":71}},"type":"binary-expr","locations":[{"start":{"line":62,"column":10},"end":{"line":62,"column":47}},{"start":{"line":62,"column":51},"end":{"line":62,"column":71}}]},"3":{"loc":{"start":{"line":68,"column":32},"end":{"line":68,"column":43}},"type":"default-arg","locations":[{"start":{"line":68,"column":42},"end":{"line":68,"column":43}}]},"4":{"loc":{"start":{"line":70,"column":4},"end":{"line":72,"column":31}},"type":"cond-expr","locations":[{"start":{"line":71,"column":8},"end":{"line":71,"column":36}},{"start":{"line":72,"column":8},"end":{"line":72,"column":31}}]},"5":{"loc":{"start":{"line":74,"column":2},"end":{"line":76,"column":3}},"type":"if","locations":[{"start":{"line":74,"column":2},"end":{"line":76,"column":3}}]},"6":{"loc":{"start":{"line":82,"column":4},"end":{"line":88,"column":5}},"type":"if","locations":[{"start":{"line":82,"column":4},"end":{"line":88,"column":5}}]},"7":{"loc":{"start":{"line":95,"column":0},"end":{"line":118,"column":1}},"type":"if","locations":[{"start":{"line":95,"column":0},"end":{"line":118,"column":1}}]},"8":{"loc":{"start":{"line":96,"column":15},"end":{"line":96,"column":39}},"type":"binary-expr","locations":[{"start":{"line":96,"column":15},"end":{"line":96,"column":31}},{"start":{"line":96,"column":35},"end":{"line":96,"column":39}}]}},"s":{"0":3,"1":3,"2":3,"3":3,"4":3,"5":3,"6":3,"7":3,"8":3,"9":3,"10":3,"11":3,"12":3,"13":3,"14":3,"15":3,"16":3,"17":3,"18":3,"19":26,"20":26,"21":26,"22":26,"23":3,"24":3,"25":0,"26":0,"27":0,"28":3,"29":0,"30":0,"31":0,"32":0,"33":0,"34":0,"35":0,"36":0,"37":0,"38":0,"39":0,"40":0,"41":0,"42":3,"43":3,"44":0,"45":0,"46":0,"47":0,"48":0,"49":0,"50":0,"51":0,"52":0,"53":0,"54":0,"55":0},"f":{"0":26,"1":0,"2":0,"3":0,"4":0,"5":0,"6":0,"7":0,"8":0,"9":0},"b":{"0":[3,3],"1":[0,0],"2":[0,0],"3":[0],"4":[0,0],"5":[0],"6":[0],"7":[0],"8":[0,0]}}
,"C:\\Projects\\Not-Alone-Backend\\src\\controllers\\userController.ts": {"path":"C:\\Projects\\Not-Alone-Backend\\src\\controllers\\userController.ts","statementMap":{"0":{"start":{"line":2,"column":0},"end":{"line":2,"column":38}},"1":{"start":{"line":3,"column":0},"end":{"line":3,"column":31}},"2":{"start":{"line":4,"column":0},"end":{"line":4,"column":32}},"3":{"start":{"line":28,"column":25},"end":{"line":112,"column":1}},"4":{"start":{"line":32,"column":2},"end":{"line":111,"column":3}},"5":{"start":{"line":33,"column":32},"end":{"line":33,"column":40}},"6":{"start":{"line":35,"column":4},"end":{"line":39,"column":5}},"7":{"start":{"line":36,"column":6},"end":{"line":38,"column":9}},"8":{"start":{"line":41,"column":23},"end":{"line":41,"column":51}},"9":{"start":{"line":42,"column":4},"end":{"line":46,"column":5}},"10":{"start":{"line":43,"column":6},"end":{"line":45,"column":9}},"11":{"start":{"line":48,"column":17},"end":{"line":48,"column":46}},"12":{"start":{"line":50,"column":4},"end":{"line":52,"column":5}},"13":{"start":{"line":51,"column":6},"end":{"line":51,"column":68}},"14":{"start":{"line":54,"column":20},"end":{"line":54,"column":56}},"15":{"start":{"line":55,"column":4},"end":{"line":57,"column":5}},"16":{"start":{"line":56,"column":6},"end":{"line":56,"column":68}},"17":{"start":{"line":59,"column":23},"end":{"line":66,"column":6}},"18":{"start":{"line":67,"column":4},"end":{"line":69,"column":5}},"19":{"start":{"line":68,"column":6},"end":{"line":68,"column":66}},"20":{"start":{"line":72,"column":4},"end":{"line":81,"column":5}},"21":{"start":{"line":73,"column":6},"end":{"line":80,"column":9}},"22":{"start":{"line":83,"column":18},"end":{"line":91,"column":null}},"23":{"start":{"line":94,"column":4},"end":{"line":107,"column":7}},"24":{"start":{"line":109,"column":4},"end":{"line":109,"column":41}},"25":{"start":{"line":110,"column":4},"end":{"line":110,"column":63}},"26":{"start":{"line":28,"column":13},"end":{"line":28,"column":25}},"27":{"start":{"line":114,"column":30},"end":{"line":142,"column":1}},"28":{"start":{"line":118,"column":2},"end":{"line":141,"column":3}},"29":{"start":{"line":119,"column":4},"end":{"line":121,"column":5}},"30":{"start":{"line":120,"column":6},"end":{"line":120,"column":71}},"31":{"start":{"line":123,"column":17},"end":{"line":125,"column":13}},"32":{"start":{"line":127,"column":4},"end":{"line":129,"column":5}},"33":{"start":{"line":128,"column":6},"end":{"line":128,"column":63}},"34":{"start":{"line":131,"column":4},"end":{"line":135,"column":5}},"35":{"start":{"line":132,"column":6},"end":{"line":134,"column":68}},"36":{"start":{"line":137,"column":4},"end":{"line":137,"column":30}},"37":{"start":{"line":139,"column":4},"end":{"line":139,"column":52}},"38":{"start":{"line":140,"column":4},"end":{"line":140,"column":66}},"39":{"start":{"line":114,"column":13},"end":{"line":114,"column":30}},"40":{"start":{"line":145,"column":26},"end":{"line":187,"column":1}},"41":{"start":{"line":149,"column":2},"end":{"line":186,"column":3}},"42":{"start":{"line":150,"column":39},"end":{"line":150,"column":47}},"43":{"start":{"line":153,"column":23},"end":{"line":153,"column":51}},"44":{"start":{"line":154,"column":4},"end":{"line":158,"column":5}},"45":{"start":{"line":155,"column":6},"end":{"line":157,"column":61}},"46":{"start":{"line":161,"column":25},"end":{"line":163,"column":6}},"47":{"start":{"line":165,"column":4},"end":{"line":169,"column":5}},"48":{"start":{"line":166,"column":6},"end":{"line":168,"column":9}},"49":{"start":{"line":171,"column":17},"end":{"line":171,"column":44}},"50":{"start":{"line":172,"column":25},"end":{"line":172,"column":40}},"51":{"start":{"line":173,"column":62},"end":{"line":173,"column":74}},"52":{"start":{"line":175,"column":4},"end":{"line":175,"column":50}},"53":{"start":{"line":177,"column":4},"end":{"line":177,"column":47}},"54":{"start":{"line":178,"column":4},"end":{"line":184,"column":5}},"55":{"start":{"line":179,"column":6},"end":{"line":183,"column":9}},"56":{"start":{"line":180,"column":58},"end":{"line":182,"column":10}},"57":{"start":{"line":185,"column":4},"end":{"line":185,"column":59}},"58":{"start":{"line":145,"column":13},"end":{"line":145,"column":26}},"59":{"start":{"line":189,"column":27},"end":{"line":246,"column":1}},"60":{"start":{"line":193,"column":2},"end":{"line":245,"column":3}},"61":{"start":{"line":194,"column":17},"end":{"line":194,"column":56}},"62":{"start":{"line":195,"column":18},"end":{"line":195,"column":59}},"63":{"start":{"line":196,"column":17},"end":{"line":196,"column":35}},"64":{"start":{"line":198,"column":31},"end":{"line":198,"column":33}},"65":{"start":{"line":199,"column":4},"end":{"line":210,"column":5}},"66":{"start":{"line":200,"column":25},"end":{"line":206,"column":8}},"67":{"start":{"line":207,"column":6},"end":{"line":209,"column":7}},"68":{"start":{"line":208,"column":8},"end":{"line":208,"column":37}},"69":{"start":{"line":212,"column":4},"end":{"line":219,"column":5}},"70":{"start":{"line":213,"column":26},"end":{"line":213,"column":59}},"71":{"start":{"line":214,"column":6},"end":{"line":218,"column":8}},"72":{"start":{"line":221,"column":18},"end":{"line":226,"column":13}},"73":{"start":{"line":228,"column":18},"end":{"line":228,"column":51}},"74":{"start":{"line":230,"column":4},"end":{"line":238,"column":7}},"75":{"start":{"line":240,"column":4},"end":{"line":240,"column":49}},"76":{"start":{"line":241,"column":4},"end":{"line":244,"column":7}},"77":{"start":{"line":189,"column":13},"end":{"line":189,"column":27}},"78":{"start":{"line":248,"column":24},"end":{"line":346,"column":1}},"79":{"start":{"line":252,"column":2},"end":{"line":345,"column":3}},"80":{"start":{"line":253,"column":19},"end":{"line":253,"column":29}},"81":{"start":{"line":254,"column":20},"end":{"line":254,"column":28}},"82":{"start":{"line":256,"column":4},"end":{"line":258,"column":5}},"83":{"start":{"line":257,"column":6},"end":{"line":257,"column":71}},"84":{"start":{"line":260,"column":25},"end":{"line":260,"column":48}},"85":{"start":{"line":261,"column":4},"end":{"line":263,"column":5}},"86":{"start":{"line":262,"column":6},"end":{"line":262,"column":63}},"87":{"start":{"line":265,"column":20},"end":{"line":265,"column":45}},"88":{"start":{"line":266,"column":25},"end":{"line":266,"column":47}},"89":{"start":{"line":267,"column":4},"end":{"line":271,"column":5}},"90":{"start":{"line":268,"column":6},"end":{"line":270,"column":61}},"91":{"start":{"line":273,"column":27},"end":{"line":281,"column":6}},"92":{"start":{"line":282,"column":4},"end":{"line":284,"column":5}},"93":{"start":{"line":283,"column":6},"end":{"line":283,"column":43}},"94":{"start":{"line":286,"column":42},"end":{"line":286,"column":44}},"95":{"start":{"line":287,"column":4},"end":{"line":291,"column":7}},"96":{"start":{"line":288,"column":6},"end":{"line":290,"column":7}},"97":{"start":{"line":289,"column":8},"end":{"line":289,"column":66}},"98":{"start":{"line":293,"column":4},"end":{"line":305,"column":5}},"99":{"start":{"line":294,"column":25},"end":{"line":294,"column":53}},"100":{"start":{"line":295,"column":6},"end":{"line":297,"column":7}},"101":{"start":{"line":296,"column":8},"end":{"line":296,"column":71}},"102":{"start":{"line":298,"column":26},"end":{"line":301,"column":8}},"103":{"start":{"line":302,"column":6},"end":{"line":304,"column":7}},"104":{"start":{"line":303,"column":8},"end":{"line":303,"column":71}},"105":{"start":{"line":307,"column":4},"end":{"line":319,"column":5}},"106":{"start":{"line":308,"column":25},"end":{"line":308,"column":44}},"107":{"start":{"line":309,"column":6},"end":{"line":311,"column":7}},"108":{"start":{"line":310,"column":8},"end":{"line":310,"column":71}},"109":{"start":{"line":312,"column":26},"end":{"line":315,"column":8}},"110":{"start":{"line":316,"column":6},"end":{"line":318,"column":7}},"111":{"start":{"line":317,"column":8},"end":{"line":317,"column":78}},"112":{"start":{"line":321,"column":17},"end":{"line":328,"column":35}},"113":{"start":{"line":330,"column":4},"end":{"line":332,"column":5}},"114":{"start":{"line":331,"column":6},"end":{"line":331,"column":63}},"115":{"start":{"line":334,"column":4},"end":{"line":334,"column":30}},"116":{"start":{"line":336,"column":4},"end":{"line":336,"column":45}},"117":{"start":{"line":337,"column":4},"end":{"line":343,"column":5}},"118":{"start":{"line":338,"column":6},"end":{"line":342,"column":9}},"119":{"start":{"line":339,"column":58},"end":{"line":341,"column":10}},"120":{"start":{"line":344,"column":4},"end":{"line":344,"column":66}},"121":{"start":{"line":248,"column":13},"end":{"line":248,"column":24}},"122":{"start":{"line":348,"column":26},"end":{"line":372,"column":1}},"123":{"start":{"line":352,"column":2},"end":{"line":371,"column":3}},"124":{"start":{"line":353,"column":19},"end":{"line":353,"column":29}},"125":{"start":{"line":355,"column":4},"end":{"line":357,"column":5}},"126":{"start":{"line":356,"column":6},"end":{"line":356,"column":73}},"127":{"start":{"line":359,"column":17},"end":{"line":359,"column":49}},"128":{"start":{"line":360,"column":4},"end":{"line":362,"column":5}},"129":{"start":{"line":361,"column":6},"end":{"line":361,"column":65}},"130":{"start":{"line":364,"column":4},"end":{"line":364,"column":55}},"131":{"start":{"line":366,"column":4},"end":{"line":366,"column":47}},"132":{"start":{"line":367,"column":4},"end":{"line":370,"column":7}},"133":{"start":{"line":348,"column":13},"end":{"line":348,"column":26}},"134":{"start":{"line":375,"column":31},"end":{"line":390,"column":1}},"135":{"start":{"line":379,"column":2},"end":{"line":389,"column":3}},"136":{"start":{"line":380,"column":18},"end":{"line":383,"column":13}},"137":{"start":{"line":385,"column":4},"end":{"line":385,"column":31}},"138":{"start":{"line":387,"column":4},"end":{"line":387,"column":53}},"139":{"start":{"line":388,"column":4},"end":{"line":388,"column":75}},"140":{"start":{"line":375,"column":13},"end":{"line":375,"column":31}},"141":{"start":{"line":392,"column":30},"end":{"line":422,"column":1}},"142":{"start":{"line":396,"column":2},"end":{"line":421,"column":3}},"143":{"start":{"line":397,"column":19},"end":{"line":397,"column":29}},"144":{"start":{"line":399,"column":4},"end":{"line":401,"column":5}},"145":{"start":{"line":400,"column":6},"end":{"line":400,"column":73}},"146":{"start":{"line":403,"column":17},"end":{"line":408,"column":13}},"147":{"start":{"line":410,"column":4},"end":{"line":412,"column":5}},"148":{"start":{"line":411,"column":6},"end":{"line":411,"column":73}},"149":{"start":{"line":414,"column":4},"end":{"line":414,"column":26}},"150":{"start":{"line":416,"column":4},"end":{"line":416,"column":52}},"151":{"start":{"line":417,"column":4},"end":{"line":420,"column":7}},"152":{"start":{"line":392,"column":13},"end":{"line":392,"column":30}},"153":{"start":{"line":424,"column":27},"end":{"line":456,"column":1}},"154":{"start":{"line":428,"column":2},"end":{"line":455,"column":3}},"155":{"start":{"line":429,"column":19},"end":{"line":429,"column":29}},"156":{"start":{"line":431,"column":4},"end":{"line":433,"column":5}},"157":{"start":{"line":432,"column":6},"end":{"line":432,"column":71}},"158":{"start":{"line":435,"column":17},"end":{"line":445,"column":35}},"159":{"start":{"line":447,"column":4},"end":{"line":449,"column":5}},"160":{"start":{"line":448,"column":6},"end":{"line":448,"column":71}},"161":{"start":{"line":451,"column":4},"end":{"line":451,"column":30}},"162":{"start":{"line":453,"column":4},"end":{"line":453,"column":48}},"163":{"start":{"line":454,"column":4},"end":{"line":454,"column":67}},"164":{"start":{"line":424,"column":13},"end":{"line":424,"column":27}},"165":{"start":{"line":458,"column":24},"end":{"line":495,"column":1}},"166":{"start":{"line":462,"column":2},"end":{"line":494,"column":3}},"167":{"start":{"line":463,"column":19},"end":{"line":463,"column":29}},"168":{"start":{"line":464,"column":23},"end":{"line":464,"column":31}},"169":{"start":{"line":466,"column":4},"end":{"line":468,"column":5}},"170":{"start":{"line":467,"column":6},"end":{"line":467,"column":71}},"171":{"start":{"line":470,"column":4},"end":{"line":472,"column":5}},"172":{"start":{"line":471,"column":6},"end":{"line":471,"column":74}},"173":{"start":{"line":474,"column":17},"end":{"line":484,"column":35}},"174":{"start":{"line":486,"column":4},"end":{"line":488,"column":5}},"175":{"start":{"line":487,"column":6},"end":{"line":487,"column":71}},"176":{"start":{"line":490,"column":4},"end":{"line":490,"column":30}},"177":{"start":{"line":492,"column":4},"end":{"line":492,"column":45}},"178":{"start":{"line":493,"column":4},"end":{"line":493,"column":65}},"179":{"start":{"line":458,"column":13},"end":{"line":458,"column":24}},"180":{"start":{"line":498,"column":33},"end":{"line":562,"column":1}},"181":{"start":{"line":502,"column":2},"end":{"line":561,"column":3}},"182":{"start":{"line":503,"column":20},"end":{"line":503,"column":28}},"183":{"start":{"line":504,"column":19},"end":{"line":504,"column":34}},"184":{"start":{"line":506,"column":27},"end":{"line":514,"column":6}},"185":{"start":{"line":516,"column":42},"end":{"line":516,"column":44}},"186":{"start":{"line":517,"column":4},"end":{"line":521,"column":7}},"187":{"start":{"line":518,"column":6},"end":{"line":520,"column":7}},"188":{"start":{"line":519,"column":8},"end":{"line":519,"column":66}},"189":{"start":{"line":523,"column":4},"end":{"line":535,"column":5}},"190":{"start":{"line":524,"column":25},"end":{"line":524,"column":44}},"191":{"start":{"line":525,"column":6},"end":{"line":527,"column":7}},"192":{"start":{"line":526,"column":8},"end":{"line":526,"column":73}},"193":{"start":{"line":528,"column":26},"end":{"line":531,"column":8}},"194":{"start":{"line":532,"column":6},"end":{"line":534,"column":7}},"195":{"start":{"line":533,"column":8},"end":{"line":533,"column":80}},"196":{"start":{"line":537,"column":17},"end":{"line":544,"column":35}},"197":{"start":{"line":546,"column":4},"end":{"line":548,"column":5}},"198":{"start":{"line":547,"column":6},"end":{"line":547,"column":63}},"199":{"start":{"line":550,"column":4},"end":{"line":550,"column":30}},"200":{"start":{"line":552,"column":4},"end":{"line":552,"column":55}},"201":{"start":{"line":553,"column":4},"end":{"line":559,"column":5}},"202":{"start":{"line":554,"column":6},"end":{"line":558,"column":9}},"203":{"start":{"line":555,"column":58},"end":{"line":557,"column":10}},"204":{"start":{"line":560,"column":4},"end":{"line":560,"column":66}},"205":{"start":{"line":498,"column":13},"end":{"line":498,"column":33}},"206":{"start":{"line":564,"column":27},"end":{"line":586,"column":1}},"207":{"start":{"line":568,"column":2},"end":{"line":585,"column":3}},"208":{"start":{"line":569,"column":19},"end":{"line":569,"column":29}},"209":{"start":{"line":571,"column":4},"end":{"line":573,"column":5}},"210":{"start":{"line":572,"column":6},"end":{"line":572,"column":71}},"211":{"start":{"line":575,"column":17},"end":{"line":575,"column":77}},"212":{"start":{"line":577,"column":4},"end":{"line":579,"column":5}},"213":{"start":{"line":578,"column":6},"end":{"line":578,"column":63}},"214":{"start":{"line":581,"column":4},"end":{"line":581,"column":30}},"215":{"start":{"line":583,"column":4},"end":{"line":583,"column":50}},"216":{"start":{"line":584,"column":4},"end":{"line":584,"column":66}},"217":{"start":{"line":564,"column":13},"end":{"line":564,"column":27}}},"fnMap":{"0":{"name":"(anonymous_1)","decl":{"start":{"line":28,"column":25},"end":{"line":28,"column":30}},"loc":{"start":{"line":31,"column":30},"end":{"line":112,"column":1}}},"1":{"name":"(anonymous_2)","decl":{"start":{"line":114,"column":30},"end":{"line":114,"column":35}},"loc":{"start":{"line":117,"column":30},"end":{"line":142,"column":1}}},"2":{"name":"(anonymous_3)","decl":{"start":{"line":145,"column":26},"end":{"line":145,"column":31}},"loc":{"start":{"line":148,"column":30},"end":{"line":187,"column":1}}},"3":{"name":"(anonymous_4)","decl":{"start":{"line":180,"column":48},"end":{"line":180,"column":49}},"loc":{"start":{"line":180,"column":58},"end":{"line":182,"column":10}}},"4":{"name":"(anonymous_5)","decl":{"start":{"line":189,"column":27},"end":{"line":189,"column":32}},"loc":{"start":{"line":192,"column":30},"end":{"line":246,"column":1}}},"5":{"name":"(anonymous_6)","decl":{"start":{"line":248,"column":24},"end":{"line":248,"column":29}},"loc":{"start":{"line":251,"column":30},"end":{"line":346,"column":1}}},"6":{"name":"(anonymous_7)","decl":{"start":{"line":287,"column":33},"end":{"line":287,"column":34}},"loc":{"start":{"line":287,"column":41},"end":{"line":291,"column":5}}},"7":{"name":"(anonymous_8)","decl":{"start":{"line":339,"column":48},"end":{"line":339,"column":49}},"loc":{"start":{"line":339,"column":58},"end":{"line":341,"column":10}}},"8":{"name":"(anonymous_9)","decl":{"start":{"line":348,"column":26},"end":{"line":348,"column":31}},"loc":{"start":{"line":351,"column":30},"end":{"line":372,"column":1}}},"9":{"name":"(anonymous_10)","decl":{"start":{"line":375,"column":31},"end":{"line":375,"column":36}},"loc":{"start":{"line":378,"column":30},"end":{"line":390,"column":1}}},"10":{"name":"(anonymous_11)","decl":{"start":{"line":392,"column":30},"end":{"line":392,"column":35}},"loc":{"start":{"line":395,"column":30},"end":{"line":422,"column":1}}},"11":{"name":"(anonymous_12)","decl":{"start":{"line":424,"column":27},"end":{"line":424,"column":32}},"loc":{"start":{"line":427,"column":30},"end":{"line":456,"column":1}}},"12":{"name":"(anonymous_13)","decl":{"start":{"line":458,"column":24},"end":{"line":458,"column":29}},"loc":{"start":{"line":461,"column":30},"end":{"line":495,"column":1}}},"13":{"name":"(anonymous_14)","decl":{"start":{"line":498,"column":33},"end":{"line":498,"column":38}},"loc":{"start":{"line":501,"column":30},"end":{"line":562,"column":1}}},"14":{"name":"(anonymous_15)","decl":{"start":{"line":517,"column":33},"end":{"line":517,"column":34}},"loc":{"start":{"line":517,"column":41},"end":{"line":521,"column":5}}},"15":{"name":"(anonymous_16)","decl":{"start":{"line":555,"column":48},"end":{"line":555,"column":49}},"loc":{"start":{"line":555,"column":58},"end":{"line":557,"column":10}}},"16":{"name":"(anonymous_17)","decl":{"start":{"line":564,"column":27},"end":{"line":564,"column":32}},"loc":{"start":{"line":567,"column":30},"end":{"line":586,"column":1}}}},"branchMap":{"0":{"loc":{"start":{"line":35,"column":4},"end":{"line":39,"column":5}},"type":"if","locations":[{"start":{"line":35,"column":4},"end":{"line":39,"column":5}}]},"1":{"loc":{"start":{"line":35,"column":8},"end":{"line":35,"column":27}},"type":"binary-expr","locations":[{"start":{"line":35,"column":8},"end":{"line":35,"column":14}},{"start":{"line":35,"column":18},"end":{"line":35,"column":27}}]},"2":{"loc":{"start":{"line":42,"column":4},"end":{"line":46,"column":5}},"type":"if","locations":[{"start":{"line":42,"column":4},"end":{"line":46,"column":5}}]},"3":{"loc":{"start":{"line":50,"column":4},"end":{"line":52,"column":5}},"type":"if","locations":[{"start":{"line":50,"column":4},"end":{"line":52,"column":5}}]},"4":{"loc":{"start":{"line":55,"column":4},"end":{"line":57,"column":5}},"type":"if","locations":[{"start":{"line":55,"column":4},"end":{"line":57,"column":5}}]},"5":{"loc":{"start":{"line":67,"column":4},"end":{"line":69,"column":5}},"type":"if","locations":[{"start":{"line":67,"column":4},"end":{"line":69,"column":5}}]},"6":{"loc":{"start":{"line":72,"column":4},"end":{"line":81,"column":5}},"type":"if","locations":[{"start":{"line":72,"column":4},"end":{"line":81,"column":5}}]},"7":{"loc":{"start":{"line":72,"column":8},"end":{"line":72,"column":67}},"type":"binary-expr","locations":[{"start":{"line":72,"column":8},"end":{"line":72,"column":29}},{"start":{"line":72,"column":33},"end":{"line":72,"column":67}}]},"8":{"loc":{"start":{"line":77,"column":10},"end":{"line":79,"column":48}},"type":"cond-expr","locations":[{"start":{"line":78,"column":14},"end":{"line":78,"column":31}},{"start":{"line":79,"column":14},"end":{"line":79,"column":48}}]},"9":{"loc":{"start":{"line":88,"column":6},"end":{"line":88,"column":49}},"type":"binary-expr","locations":[{"start":{"line":88,"column":6},"end":{"line":88,"column":28}},{"start":{"line":88,"column":32},"end":{"line":88,"column":49}}]},"10":{"loc":{"start":{"line":119,"column":4},"end":{"line":121,"column":5}},"type":"if","locations":[{"start":{"line":119,"column":4},"end":{"line":121,"column":5}}]},"11":{"loc":{"start":{"line":127,"column":4},"end":{"line":129,"column":5}},"type":"if","locations":[{"start":{"line":127,"column":4},"end":{"line":129,"column":5}}]},"12":{"loc":{"start":{"line":131,"column":4},"end":{"line":135,"column":5}},"type":"if","locations":[{"start":{"line":131,"column":4},"end":{"line":135,"column":5}}]},"13":{"loc":{"start":{"line":154,"column":4},"end":{"line":158,"column":5}},"type":"if","locations":[{"start":{"line":154,"column":4},"end":{"line":158,"column":5}}]},"14":{"loc":{"start":{"line":165,"column":4},"end":{"line":169,"column":5}},"type":"if","locations":[{"start":{"line":165,"column":4},"end":{"line":169,"column":5}}]},"15":{"loc":{"start":{"line":178,"column":4},"end":{"line":184,"column":5}},"type":"if","locations":[{"start":{"line":178,"column":4},"end":{"line":184,"column":5}}]},"16":{"loc":{"start":{"line":194,"column":17},"end":{"line":194,"column":56}},"type":"binary-expr","locations":[{"start":{"line":194,"column":17},"end":{"line":194,"column":51}},{"start":{"line":194,"column":55},"end":{"line":194,"column":56}}]},"17":{"loc":{"start":{"line":195,"column":18},"end":{"line":195,"column":59}},"type":"binary-expr","locations":[{"start":{"line":195,"column":18},"end":{"line":195,"column":53}},{"start":{"line":195,"column":57},"end":{"line":195,"column":59}}]},"18":{"loc":{"start":{"line":199,"column":4},"end":{"line":210,"column":5}},"type":"if","locations":[{"start":{"line":199,"column":4},"end":{"line":210,"column":5}}]},"19":{"loc":{"start":{"line":199,"column":8},"end":{"line":199,"column":60}},"type":"binary-expr","locations":[{"start":{"line":199,"column":8},"end":{"line":199,"column":22}},{"start":{"line":199,"column":26},"end":{"line":199,"column":60}}]},"20":{"loc":{"start":{"line":207,"column":6},"end":{"line":209,"column":7}},"type":"if","locations":[{"start":{"line":207,"column":6},"end":{"line":209,"column":7}}]},"21":{"loc":{"start":{"line":212,"column":4},"end":{"line":219,"column":5}},"type":"if","locations":[{"start":{"line":212,"column":4},"end":{"line":219,"column":5}}]},"22":{"loc":{"start":{"line":212,"column":8},"end":{"line":212,"column":64}},"type":"binary-expr","locations":[{"start":{"line":212,"column":8},"end":{"line":212,"column":24}},{"start":{"line":212,"column":28},"end":{"line":212,"column":64}}]},"23":{"loc":{"start":{"line":243,"column":13},"end":{"line":243,"column":71}},"type":"cond-expr","locations":[{"start":{"line":243,"column":54},"end":{"line":243,"column":59}},{"start":{"line":243,"column":62},"end":{"line":243,"column":71}}]},"24":{"loc":{"start":{"line":256,"column":4},"end":{"line":258,"column":5}},"type":"if","locations":[{"start":{"line":256,"column":4},"end":{"line":258,"column":5}}]},"25":{"loc":{"start":{"line":261,"column":4},"end":{"line":263,"column":5}},"type":"if","locations":[{"start":{"line":261,"column":4},"end":{"line":263,"column":5}}]},"26":{"loc":{"start":{"line":267,"column":4},"end":{"line":271,"column":5}},"type":"if","locations":[{"start":{"line":267,"column":4},"end":{"line":271,"column":5}}]},"27":{"loc":{"start":{"line":267,"column":8},"end":{"line":267,"column":33}},"type":"binary-expr","locations":[{"start":{"line":267,"column":8},"end":{"line":267,"column":16}},{"start":{"line":267,"column":20},"end":{"line":267,"column":33}}]},"28":{"loc":{"start":{"line":282,"column":4},"end":{"line":284,"column":5}},"type":"if","locations":[{"start":{"line":282,"column":4},"end":{"line":284,"column":5}}]},"29":{"loc":{"start":{"line":288,"column":6},"end":{"line":290,"column":7}},"type":"if","locations":[{"start":{"line":288,"column":6},"end":{"line":290,"column":7}}]},"30":{"loc":{"start":{"line":293,"column":4},"end":{"line":305,"column":5}},"type":"if","locations":[{"start":{"line":293,"column":4},"end":{"line":305,"column":5}}]},"31":{"loc":{"start":{"line":295,"column":6},"end":{"line":297,"column":7}},"type":"if","locations":[{"start":{"line":295,"column":6},"end":{"line":297,"column":7}}]},"32":{"loc":{"start":{"line":302,"column":6},"end":{"line":304,"column":7}},"type":"if","locations":[{"start":{"line":302,"column":6},"end":{"line":304,"column":7}}]},"33":{"loc":{"start":{"line":307,"column":4},"end":{"line":319,"column":5}},"type":"if","locations":[{"start":{"line":307,"column":4},"end":{"line":319,"column":5}}]},"34":{"loc":{"start":{"line":309,"column":6},"end":{"line":311,"column":7}},"type":"if","locations":[{"start":{"line":309,"column":6},"end":{"line":311,"column":7}}]},"35":{"loc":{"start":{"line":316,"column":6},"end":{"line":318,"column":7}},"type":"if","locations":[{"start":{"line":316,"column":6},"end":{"line":318,"column":7}}]},"36":{"loc":{"start":{"line":330,"column":4},"end":{"line":332,"column":5}},"type":"if","locations":[{"start":{"line":330,"column":4},"end":{"line":332,"column":5}}]},"37":{"loc":{"start":{"line":337,"column":4},"end":{"line":343,"column":5}},"type":"if","locations":[{"start":{"line":337,"column":4},"end":{"line":343,"column":5}}]},"38":{"loc":{"start":{"line":355,"column":4},"end":{"line":357,"column":5}},"type":"if","locations":[{"start":{"line":355,"column":4},"end":{"line":357,"column":5}}]},"39":{"loc":{"start":{"line":360,"column":4},"end":{"line":362,"column":5}},"type":"if","locations":[{"start":{"line":360,"column":4},"end":{"line":362,"column":5}}]},"40":{"loc":{"start":{"line":369,"column":13},"end":{"line":369,"column":71}},"type":"cond-expr","locations":[{"start":{"line":369,"column":54},"end":{"line":369,"column":59}},{"start":{"line":369,"column":62},"end":{"line":369,"column":71}}]},"41":{"loc":{"start":{"line":399,"column":4},"end":{"line":401,"column":5}},"type":"if","locations":[{"start":{"line":399,"column":4},"end":{"line":401,"column":5}}]},"42":{"loc":{"start":{"line":410,"column":4},"end":{"line":412,"column":5}},"type":"if","locations":[{"start":{"line":410,"column":4},"end":{"line":412,"column":5}}]},"43":{"loc":{"start":{"line":419,"column":13},"end":{"line":419,"column":71}},"type":"cond-expr","locations":[{"start":{"line":419,"column":54},"end":{"line":419,"column":59}},{"start":{"line":419,"column":62},"end":{"line":419,"column":71}}]},"44":{"loc":{"start":{"line":431,"column":4},"end":{"line":433,"column":5}},"type":"if","locations":[{"start":{"line":431,"column":4},"end":{"line":433,"column":5}}]},"45":{"loc":{"start":{"line":447,"column":4},"end":{"line":449,"column":5}},"type":"if","locations":[{"start":{"line":447,"column":4},"end":{"line":449,"column":5}}]},"46":{"loc":{"start":{"line":466,"column":4},"end":{"line":468,"column":5}},"type":"if","locations":[{"start":{"line":466,"column":4},"end":{"line":468,"column":5}}]},"47":{"loc":{"start":{"line":470,"column":4},"end":{"line":472,"column":5}},"type":"if","locations":[{"start":{"line":470,"column":4},"end":{"line":472,"column":5}}]},"48":{"loc":{"start":{"line":486,"column":4},"end":{"line":488,"column":5}},"type":"if","locations":[{"start":{"line":486,"column":4},"end":{"line":488,"column":5}}]},"49":{"loc":{"start":{"line":518,"column":6},"end":{"line":520,"column":7}},"type":"if","locations":[{"start":{"line":518,"column":6},"end":{"line":520,"column":7}}]},"50":{"loc":{"start":{"line":523,"column":4},"end":{"line":535,"column":5}},"type":"if","locations":[{"start":{"line":523,"column":4},"end":{"line":535,"column":5}}]},"51":{"loc":{"start":{"line":525,"column":6},"end":{"line":527,"column":7}},"type":"if","locations":[{"start":{"line":525,"column":6},"end":{"line":527,"column":7}}]},"52":{"loc":{"start":{"line":532,"column":6},"end":{"line":534,"column":7}},"type":"if","locations":[{"start":{"line":532,"column":6},"end":{"line":534,"column":7}}]},"53":{"loc":{"start":{"line":546,"column":4},"end":{"line":548,"column":5}},"type":"if","locations":[{"start":{"line":546,"column":4},"end":{"line":548,"column":5}}]},"54":{"loc":{"start":{"line":553,"column":4},"end":{"line":559,"column":5}},"type":"if","locations":[{"start":{"line":553,"column":4},"end":{"line":559,"column":5}}]},"55":{"loc":{"start":{"line":571,"column":4},"end":{"line":573,"column":5}},"type":"if","locations":[{"start":{"line":571,"column":4},"end":{"line":573,"column":5}}]},"56":{"loc":{"start":{"line":577,"column":4},"end":{"line":579,"column":5}},"type":"if","locations":[{"start":{"line":577,"column":4},"end":{"line":579,"column":5}}]}},"s":{"0":3,"1":3,"2":3,"3":3,"4":4,"5":4,"6":4,"7":0,"8":4,"9":4,"10":0,"11":4,"12":4,"13":1,"14":3,"15":3,"16":1,"17":2,"18":2,"19":0,"20":2,"21":1,"22":1,"23":1,"24":0,"25":0,"26":3,"27":3,"28":1,"29":1,"30":0,"31":1,"32":1,"33":0,"34":1,"35":0,"36":1,"37":0,"38":0,"39":3,"40":3,"41":3,"42":3,"43":3,"44":3,"45":0,"46":3,"47":3,"48":1,"49":2,"50":2,"51":2,"52":2,"53":0,"54":0,"55":0,"56":0,"57":0,"58":3,"59":3,"60":1,"61":1,"62":1,"63":1,"64":1,"65":1,"66":0,"67":0,"68":0,"69":1,"70":0,"71":0,"72":1,"73":1,"74":1,"75":0,"76":0,"77":3,"78":3,"79":0,"80":0,"81":0,"82":0,"83":0,"84":0,"85":0,"86":0,"87":0,"88":0,"89":0,"90":0,"91":0,"92":0,"93":0,"94":0,"95":0,"96":0,"97":0,"98":0,"99":0,"100":0,"101":0,"102":0,"103":0,"104":0,"105":0,"106":0,"107":0,"108":0,"109":0,"110":0,"111":0,"112":0,"113":0,"114":0,"115":0,"116":0,"117":0,"118":0,"119":0,"120":0,"121":3,"122":3,"123":1,"124":1,"125":1,"126":0,"127":1,"128":1,"129":0,"130":1,"131":0,"132":0,"133":3,"134":3,"135":1,"136":1,"137":1,"138":0,"139":0,"140":3,"141":3,"142":0,"143":0,"144":0,"145":0,"146":0,"147":0,"148":0,"149":0,"150":0,"151":0,"152":3,"153":3,"154":2,"155":2,"156":2,"157":0,"158":2,"159":2,"160":1,"161":1,"162":0,"163":0,"164":3,"165":3,"166":2,"167":2,"168":2,"169":2,"170":0,"171":2,"172":1,"173":1,"174":1,"175":0,"176":1,"177":0,"178":0,"179":3,"180":3,"181":1,"182":1,"183":1,"184":1,"185":1,"186":1,"187":3,"188":3,"189":1,"190":1,"191":1,"192":0,"193":1,"194":1,"195":0,"196":1,"197":1,"198":0,"199":1,"200":0,"201":0,"202":0,"203":0,"204":0,"205":3,"206":3,"207":2,"208":2,"209":2,"210":1,"211":1,"212":1,"213":0,"214":1,"215":0,"216":0,"217":3},"f":{"0":4,"1":1,"2":3,"3":0,"4":1,"5":0,"6":0,"7":0,"8":1,"9":1,"10":0,"11":2,"12":2,"13":1,"14":3,"15":0,"16":2},"b":{"0":[0],"1":[4,4],"2":[0],"3":[1],"4":[1],"5":[0],"6":[1],"7":[2,2],"8":[0,1],"9":[1,0],"10":[0],"11":[0],"12":[0],"13":[0],"14":[1],"15":[0],"16":[1,1],"17":[1,1],"18":[0],"19":[1,0],"20":[0],"21":[0],"22":[1,0],"23":[0,0],"24":[0],"25":[0],"26":[0],"27":[0,0],"28":[0],"29":[0],"30":[0],"31":[0],"32":[0],"33":[0],"34":[0],"35":[0],"36":[0],"37":[0],"38":[0],"39":[0],"40":[0,0],"41":[0],"42":[0],"43":[0,0],"44":[0],"45":[1],"46":[0],"47":[1],"48":[0],"49":[3],"50":[1],"51":[0],"52":[0],"53":[0],"54":[0],"55":[1],"56":[0]}}
,"C:\\Projects\\Not-Alone-Backend\\src\\middleware\\auth.ts": {"path":"C:\\Projects\\Not-Alone-Backend\\src\\middleware\\auth.ts","statementMap":{"0":{"start":{"line":2,"column":0},"end":{"line":2,"column":31}},"1":{"start":{"line":3,"column":0},"end":{"line":3,"column":38}},"2":{"start":{"line":4,"column":0},"end":{"line":4,"column":32}},"3":{"start":{"line":19,"column":27},"end":{"line":76,"column":1}},"4":{"start":{"line":24,"column":2},"end":{"line":75,"column":3}},"5":{"start":{"line":25,"column":18},"end":{"line":25,"column":69}},"6":{"start":{"line":27,"column":4},"end":{"line":29,"column":5}},"7":{"start":{"line":28,"column":6},"end":{"line":28,"column":72}},"8":{"start":{"line":31,"column":20},"end":{"line":33,"column":null}},"9":{"start":{"line":40,"column":4},"end":{"line":42,"column":5}},"10":{"start":{"line":41,"column":6},"end":{"line":41,"column":71}},"11":{"start":{"line":44,"column":17},"end":{"line":44,"column":72}},"12":{"start":{"line":45,"column":4},"end":{"line":47,"column":5}},"13":{"start":{"line":46,"column":6},"end":{"line":46,"column":63}},"14":{"start":{"line":50,"column":4},"end":{"line":52,"column":5}},"15":{"start":{"line":51,"column":6},"end":{"line":51,"column":62}},"16":{"start":{"line":55,"column":4},"end":{"line":64,"column":5}},"17":{"start":{"line":56,"column":6},"end":{"line":63,"column":9}},"18":{"start":{"line":66,"column":4},"end":{"line":70,"column":6}},"19":{"start":{"line":72,"column":4},"end":{"line":72,"column":11}},"20":{"start":{"line":74,"column":4},"end":{"line":74,"column":60}},"21":{"start":{"line":19,"column":13},"end":{"line":19,"column":27}},"22":{"start":{"line":79,"column":27},"end":{"line":102,"column":1}},"23":{"start":{"line":80,"column":2},"end":{"line":101,"column":4}},"24":{"start":{"line":81,"column":4},"end":{"line":83,"column":5}},"25":{"start":{"line":82,"column":6},"end":{"line":82,"column":72}},"26":{"start":{"line":86,"column":4},"end":{"line":88,"column":5}},"27":{"start":{"line":87,"column":6},"end":{"line":87,"column":20}},"28":{"start":{"line":91,"column":4},"end":{"line":98,"column":5}},"29":{"start":{"line":92,"column":6},"end":{"line":97,"column":9}},"30":{"start":{"line":100,"column":4},"end":{"line":100,"column":11}},"31":{"start":{"line":79,"column":13},"end":{"line":79,"column":27}},"32":{"start":{"line":105,"column":13},"end":{"line":105,"column":46}},"33":{"start":{"line":106,"column":13},"end":{"line":106,"column":50}},"34":{"start":{"line":107,"column":13},"end":{"line":107,"column":60}},"35":{"start":{"line":108,"column":13},"end":{"line":108,"column":46}},"36":{"start":{"line":109,"column":13},"end":{"line":109,"column":60}},"37":{"start":{"line":110,"column":13},"end":{"line":110,"column":52}},"38":{"start":{"line":113,"column":13},"end":{"line":117,"column":3}},"39":{"start":{"line":118,"column":13},"end":{"line":122,"column":3}},"40":{"start":{"line":123,"column":13},"end":{"line":127,"column":3}},"41":{"start":{"line":130,"column":27},"end":{"line":139,"column":1}},"42":{"start":{"line":131,"column":2},"end":{"line":138,"column":4}},"43":{"start":{"line":130,"column":13},"end":{"line":130,"column":27}}},"fnMap":{"0":{"name":"(anonymous_1)","decl":{"start":{"line":19,"column":27},"end":{"line":19,"column":32}},"loc":{"start":{"line":23,"column":30},"end":{"line":76,"column":1}}},"1":{"name":"(anonymous_2)","decl":{"start":{"line":79,"column":27},"end":{"line":79,"column":28}},"loc":{"start":{"line":79,"column":54},"end":{"line":102,"column":1}}},"2":{"name":"(anonymous_3)","decl":{"start":{"line":80,"column":9},"end":{"line":80,"column":10}},"loc":{"start":{"line":80,"column":78},"end":{"line":101,"column":3}}},"3":{"name":"(anonymous_4)","decl":{"start":{"line":130,"column":27},"end":{"line":130,"column":28}},"loc":{"start":{"line":130,"column":75},"end":{"line":139,"column":1}}}},"branchMap":{"0":{"loc":{"start":{"line":25,"column":18},"end":{"line":25,"column":69}},"type":"cond-expr","locations":[{"start":{"line":25,"column":45},"end":{"line":25,"column":47}},{"start":{"line":25,"column":45},"end":{"line":25,"column":69}}]},"1":{"loc":{"start":{"line":25,"column":18},"end":{"line":25,"column":47}},"type":"binary-expr","locations":[{"start":{"line":25,"column":18},"end":{"line":25,"column":47}},{"start":{"line":25,"column":45},"end":{"line":25,"column":47}}]},"2":{"loc":{"start":{"line":27,"column":4},"end":{"line":29,"column":5}},"type":"if","locations":[{"start":{"line":27,"column":4},"end":{"line":29,"column":5}}]},"3":{"loc":{"start":{"line":33,"column":6},"end":{"line":33,"column":49}},"type":"binary-expr","locations":[{"start":{"line":33,"column":6},"end":{"line":33,"column":28}},{"start":{"line":33,"column":32},"end":{"line":33,"column":49}}]},"4":{"loc":{"start":{"line":40,"column":4},"end":{"line":42,"column":5}},"type":"if","locations":[{"start":{"line":40,"column":4},"end":{"line":42,"column":5}}]},"5":{"loc":{"start":{"line":45,"column":4},"end":{"line":47,"column":5}},"type":"if","locations":[{"start":{"line":45,"column":4},"end":{"line":47,"column":5}}]},"6":{"loc":{"start":{"line":50,"column":4},"end":{"line":52,"column":5}},"type":"if","locations":[{"start":{"line":50,"column":4},"end":{"line":52,"column":5}}]},"7":{"loc":{"start":{"line":55,"column":4},"end":{"line":64,"column":5}},"type":"if","locations":[{"start":{"line":55,"column":4},"end":{"line":64,"column":5}}]},"8":{"loc":{"start":{"line":55,"column":8},"end":{"line":55,"column":67}},"type":"binary-expr","locations":[{"start":{"line":55,"column":8},"end":{"line":55,"column":29}},{"start":{"line":55,"column":33},"end":{"line":55,"column":67}}]},"9":{"loc":{"start":{"line":60,"column":10},"end":{"line":62,"column":48}},"type":"cond-expr","locations":[{"start":{"line":61,"column":14},"end":{"line":61,"column":31}},{"start":{"line":62,"column":14},"end":{"line":62,"column":48}}]},"10":{"loc":{"start":{"line":81,"column":4},"end":{"line":83,"column":5}},"type":"if","locations":[{"start":{"line":81,"column":4},"end":{"line":83,"column":5}}]},"11":{"loc":{"start":{"line":86,"column":4},"end":{"line":88,"column":5}},"type":"if","locations":[{"start":{"line":86,"column":4},"end":{"line":88,"column":5}}]},"12":{"loc":{"start":{"line":91,"column":4},"end":{"line":98,"column":5}},"type":"if","locations":[{"start":{"line":91,"column":4},"end":{"line":98,"column":5}}]},"13":{"loc":{"start":{"line":136,"column":4},"end":{"line":136,"column":47}},"type":"binary-expr","locations":[{"start":{"line":136,"column":4},"end":{"line":136,"column":26}},{"start":{"line":136,"column":30},"end":{"line":136,"column":47}}]}},"s":{"0":3,"1":3,"2":3,"3":3,"4":16,"5":16,"6":16,"7":2,"8":14,"9":14,"10":0,"11":14,"12":14,"13":0,"14":14,"15":0,"16":14,"17":2,"18":12,"19":12,"20":0,"21":3,"22":3,"23":33,"24":9,"25":0,"26":9,"27":9,"28":0,"29":0,"30":0,"31":3,"32":3,"33":3,"34":3,"35":3,"36":3,"37":3,"38":3,"39":3,"40":3,"41":3,"42":0,"43":3},"f":{"0":16,"1":33,"2":9,"3":0},"b":{"0":[2,14],"1":[16,16],"2":[2],"3":[14,0],"4":[0],"5":[0],"6":[0],"7":[2],"8":[14,5],"9":[0,2],"10":[0],"11":[9],"12":[0],"13":[0,0]}}
,"C:\\Projects\\Not-Alone-Backend\\src\\middleware\\security.ts": {"path":"C:\\Projects\\Not-Alone-Backend\\src\\middleware\\security.ts","statementMap":{"0":{"start":{"line":1,"column":0},"end":{"line":1,"column":43}},"1":{"start":{"line":2,"column":0},"end":{"line":2,"column":59}},"2":{"start":{"line":4,"column":0},"end":{"line":4,"column":46}},"3":{"start":{"line":7,"column":13},"end":{"line":11,"column":3}},"4":{"start":{"line":13,"column":13},"end":{"line":17,"column":3}},"5":{"start":{"line":19,"column":13},"end":{"line":23,"column":3}},"6":{"start":{"line":26,"column":13},"end":{"line":30,"column":2}},"7":{"start":{"line":32,"column":13},"end":{"line":52,"column":2}},"8":{"start":{"line":54,"column":13},"end":{"line":62,"column":2}},"9":{"start":{"line":70,"column":17},"end":{"line":70,"column":38}},"10":{"start":{"line":71,"column":2},"end":{"line":73,"column":3}},"11":{"start":{"line":72,"column":4},"end":{"line":72,"column":60}},"12":{"start":{"line":74,"column":2},"end":{"line":74,"column":16}},"13":{"start":{"line":78,"column":24},"end":{"line":114,"column":1}},"14":{"start":{"line":79,"column":2},"end":{"line":113,"column":4}},"15":{"start":{"line":84,"column":25},"end":{"line":84,"column":33}},"16":{"start":{"line":85,"column":4},"end":{"line":111,"column":6}},"17":{"start":{"line":86,"column":6},"end":{"line":86,"column":30}},"18":{"start":{"line":88,"column":6},"end":{"line":109,"column":7}},"19":{"start":{"line":89,"column":8},"end":{"line":108,"column":9}},"20":{"start":{"line":90,"column":31},"end":{"line":96,"column":12}},"21":{"start":{"line":99,"column":10},"end":{"line":101,"column":11}},"22":{"start":{"line":100,"column":12},"end":{"line":100,"column":45}},"23":{"start":{"line":103,"column":10},"end":{"line":105,"column":13}},"24":{"start":{"line":104,"column":12},"end":{"line":104,"column":53}},"25":{"start":{"line":107,"column":10},"end":{"line":107,"column":51}},"26":{"start":{"line":110,"column":6},"end":{"line":110,"column":43}},"27":{"start":{"line":112,"column":4},"end":{"line":112,"column":11}},"28":{"start":{"line":78,"column":13},"end":{"line":78,"column":24}}},"fnMap":{"0":{"name":"validateRequest","decl":{"start":{"line":65,"column":9},"end":{"line":65,"column":24}},"loc":{"start":{"line":68,"column":20},"end":{"line":75,"column":1}}},"1":{"name":"(anonymous_2)","decl":{"start":{"line":78,"column":24},"end":{"line":78,"column":25}},"loc":{"start":{"line":78,"column":43},"end":{"line":114,"column":1}}},"2":{"name":"(anonymous_3)","decl":{"start":{"line":79,"column":9},"end":{"line":79,"column":14}},"loc":{"start":{"line":83,"column":21},"end":{"line":113,"column":3}}},"3":{"name":"(anonymous_4)","decl":{"start":{"line":85,"column":15},"end":{"line":85,"column":25}},"loc":{"start":{"line":85,"column":34},"end":{"line":111,"column":5}}},"4":{"name":"(anonymous_5)","decl":{"start":{"line":103,"column":41},"end":{"line":103,"column":42}},"loc":{"start":{"line":103,"column":51},"end":{"line":105,"column":11}}}},"branchMap":{"0":{"loc":{"start":{"line":9,"column":7},"end":{"line":9,"column":48}},"type":"cond-expr","locations":[{"start":{"line":9,"column":41},"end":{"line":9,"column":44}},{"start":{"line":9,"column":47},"end":{"line":9,"column":48}}]},"1":{"loc":{"start":{"line":15,"column":7},"end":{"line":15,"column":48}},"type":"cond-expr","locations":[{"start":{"line":15,"column":41},"end":{"line":15,"column":44}},{"start":{"line":15,"column":47},"end":{"line":15,"column":48}}]},"2":{"loc":{"start":{"line":21,"column":7},"end":{"line":21,"column":49}},"type":"cond-expr","locations":[{"start":{"line":21,"column":41},"end":{"line":21,"column":44}},{"start":{"line":21,"column":47},"end":{"line":21,"column":49}}]},"3":{"loc":{"start":{"line":71,"column":2},"end":{"line":73,"column":3}},"type":"if","locations":[{"start":{"line":71,"column":2},"end":{"line":73,"column":3}}]},"4":{"loc":{"start":{"line":88,"column":6},"end":{"line":109,"column":7}},"type":"if","locations":[{"start":{"line":88,"column":6},"end":{"line":109,"column":7}}]},"5":{"loc":{"start":{"line":88,"column":10},"end":{"line":88,"column":55}},"type":"binary-expr","locations":[{"start":{"line":88,"column":10},"end":{"line":88,"column":31}},{"start":{"line":88,"column":35},"end":{"line":88,"column":55}}]},"6":{"loc":{"start":{"line":99,"column":10},"end":{"line":101,"column":11}},"type":"if","locations":[{"start":{"line":99,"column":10},"end":{"line":101,"column":11}}]},"7":{"loc":{"start":{"line":99,"column":14},"end":{"line":99,"column":65}},"type":"binary-expr","locations":[{"start":{"line":99,"column":14},"end":{"line":99,"column":30}},{"start":{"line":99,"column":34},"end":{"line":99,"column":65}}]},"8":{"loc":{"start":{"line":99,"column":14},"end":{"line":99,"column":30}},"type":"cond-expr","locations":[{"start":{"line":99,"column":22},"end":{"line":99,"column":24}},{"start":{"line":99,"column":22},"end":{"line":99,"column":30}}]},"9":{"loc":{"start":{"line":99,"column":14},"end":{"line":99,"column":24}},"type":"binary-expr","locations":[{"start":{"line":99,"column":14},"end":{"line":99,"column":24}},{"start":{"line":99,"column":22},"end":{"line":99,"column":24}}]}},"s":{"0":3,"1":3,"2":3,"3":3,"4":3,"5":3,"6":3,"7":3,"8":3,"9":12,"10":12,"11":4,"12":8,"13":3,"14":33,"15":18,"16":18,"17":18,"18":18,"19":11,"20":11,"21":11,"22":8,"23":11,"24":0,"25":0,"26":18,"27":18,"28":3},"f":{"0":12,"1":33,"2":18,"3":18,"4":0},"b":{"0":[3,0],"1":[3,0],"2":[3,0],"3":[4],"4":[11],"5":[18,18],"6":[8],"7":[11,8],"8":[3,8],"9":[11,11]}}
,"C:\\Projects\\Not-Alone-Backend\\src\\models\\AuditLog.ts": {"path":"C:\\Projects\\Not-Alone-Backend\\src\\models\\AuditLog.ts","statementMap":{"0":{"start":{"line":1,"column":0},"end":{"line":1,"column":54}},"1":{"start":{"line":13,"column":23},"end":{"line":47,"column":2}},"2":{"start":{"line":50,"column":0},"end":{"line":50,"column":51}},"3":{"start":{"line":51,"column":0},"end":{"line":51,"column":51}},"4":{"start":{"line":53,"column":13},"end":{"line":53,"column":77}}},"fnMap":{},"branchMap":{},"s":{"0":3,"1":3,"2":3,"3":3,"4":3},"f":{},"b":{}}
,"C:\\Projects\\Not-Alone-Backend\\src\\models\\User.ts": {"path":"C:\\Projects\\Not-Alone-Backend\\src\\models\\User.ts","statementMap":{"0":{"start":{"line":1,"column":0},"end":{"line":1,"column":54}},"1":{"start":{"line":2,"column":0},"end":{"line":2,"column":30}},"2":{"start":{"line":3,"column":0},"end":{"line":3,"column":28}},"3":{"start":{"line":4,"column":0},"end":{"line":4,"column":16}},"4":{"start":{"line":27,"column":19},"end":{"line":103,"column":null}},"5":{"start":{"line":107,"column":0},"end":{"line":120,"column":3}},"6":{"start":{"line":108,"column":2},"end":{"line":108,"column":50}},"7":{"start":{"line":108,"column":36},"end":{"line":108,"column":50}},"8":{"start":{"line":110,"column":2},"end":{"line":119,"column":3}},"9":{"start":{"line":111,"column":17},"end":{"line":111,"column":41}},"10":{"start":{"line":112,"column":4},"end":{"line":115,"column":6}},"11":{"start":{"line":116,"column":4},"end":{"line":116,"column":11}},"12":{"start":{"line":118,"column":4},"end":{"line":118,"column":25}},"13":{"start":{"line":123,"column":0},"end":{"line":130,"column":2}},"14":{"start":{"line":126,"column":2},"end":{"line":129,"column":4}},"15":{"start":{"line":132,"column":13},"end":{"line":132,"column":61}}},"fnMap":{"0":{"name":"(anonymous_10)","decl":{"start":{"line":107,"column":23},"end":{"line":107,"column":28}},"loc":{"start":{"line":107,"column":43},"end":{"line":120,"column":1}}},"1":{"name":"(anonymous_11)","decl":{"start":{"line":123,"column":37},"end":{"line":123,"column":42}},"loc":{"start":{"line":124,"column":27},"end":{"line":130,"column":1}}}},"branchMap":{"0":{"loc":{"start":{"line":108,"column":2},"end":{"line":108,"column":50}},"type":"if","locations":[{"start":{"line":108,"column":2},"end":{"line":108,"column":50}}]}},"s":{"0":3,"1":3,"2":3,"3":3,"4":3,"5":3,"6":39,"7":0,"8":39,"9":39,"10":39,"11":39,"12":0,"13":3,"14":3,"15":3},"f":{"0":39,"1":3},"b":{"0":[0]}}
,"C:\\Projects\\Not-Alone-Backend\\src\\routes\\userRoutes.ts": {"path":"C:\\Projects\\Not-Alone-Backend\\src\\routes\\userRoutes.ts","statementMap":{"0":{"start":{"line":1,"column":0},"end":{"line":1,"column":30}},"1":{"start":{"line":2,"column":0},"end":{"line":2,"column":null}},"2":{"start":{"line":16,"column":0},"end":{"line":16,"column":71}},"3":{"start":{"line":17,"column":0},"end":{"line":17,"column":null}},"4":{"start":{"line":27,"column":15},"end":{"line":27,"column":31}},"5":{"start":{"line":30,"column":0},"end":{"line":36,"column":2}},"6":{"start":{"line":37,"column":0},"end":{"line":43,"column":2}},"7":{"start":{"line":44,"column":0},"end":{"line":44,"column":64}},"8":{"start":{"line":47,"column":0},"end":{"line":47,"column":24}},"9":{"start":{"line":50,"column":0},"end":{"line":50,"column":59}},"10":{"start":{"line":51,"column":0},"end":{"line":56,"column":2}},"11":{"start":{"line":59,"column":0},"end":{"line":59,"column":75}},"12":{"start":{"line":60,"column":0},"end":{"line":60,"column":76}},"13":{"start":{"line":61,"column":0},"end":{"line":61,"column":67}},"14":{"start":{"line":62,"column":0},"end":{"line":62,"column":67}},"15":{"start":{"line":65,"column":0},"end":{"line":70,"column":2}},"16":{"start":{"line":71,"column":0},"end":{"line":77,"column":2}},"17":{"start":{"line":78,"column":0},"end":{"line":78,"column":68}},"18":{"start":{"line":80,"column":0},"end":{"line":80,"column":22}}},"fnMap":{},"branchMap":{},"s":{"0":3,"1":3,"2":3,"3":3,"4":3,"5":3,"6":3,"7":3,"8":3,"9":3,"10":3,"11":3,"12":3,"13":3,"14":3,"15":3,"16":3,"17":3,"18":3},"f":{},"b":{}}
,"C:\\Projects\\Not-Alone-Backend\\src\\utils\\validateEnv.ts": {"path":"C:\\Projects\\Not-Alone-Backend\\src\\utils\\validateEnv.ts","statementMap":{"0":{"start":{"line":1,"column":0},"end":{"line":1,"column":16}},"1":{"start":{"line":2,"column":19},"end":{"line":2,"column":64}},"2":{"start":{"line":3,"column":18},"end":{"line":3,"column":61}},"3":{"start":{"line":3,"column":43},"end":{"line":3,"column":60}},"4":{"start":{"line":5,"column":2},"end":{"line":9,"column":3}},"5":{"start":{"line":6,"column":4},"end":{"line":8,"column":6}}},"fnMap":{"0":{"name":"validateEnv","decl":{"start":{"line":1,"column":16},"end":{"line":1,"column":27}},"loc":{"start":{"line":1,"column":27},"end":{"line":10,"column":1}}},"1":{"name":"(anonymous_1)","decl":{"start":{"line":3,"column":34},"end":{"line":3,"column":35}},"loc":{"start":{"line":3,"column":43},"end":{"line":3,"column":60}}}},"branchMap":{"0":{"loc":{"start":{"line":5,"column":2},"end":{"line":9,"column":3}},"type":"if","locations":[{"start":{"line":5,"column":2},"end":{"line":9,"column":3}}]}},"s":{"0":3,"1":3,"2":3,"3":9,"4":3,"5":0},"f":{"0":3,"1":9},"b":{"0":[0]}}
,"C:\\Projects\\Not-Alone-Backend\\tests\\helpers.ts": {"path":"C:\\Projects\\Not-Alone-Backend\\tests\\helpers.ts","statementMap":{"0":{"start":{"line":1,"column":0},"end":{"line":1,"column":42}},"1":{"start":{"line":2,"column":0},"end":{"line":2,"column":31}},"2":{"start":{"line":4,"column":30},"end":{"line":17,"column":1}},"3":{"start":{"line":5,"column":15},"end":{"line":15,"column":4}},"4":{"start":{"line":16,"column":2},"end":{"line":16,"column":14}},"5":{"start":{"line":4,"column":13},"end":{"line":4,"column":30}},"6":{"start":{"line":19,"column":33},"end":{"line":25,"column":1}},"7":{"start":{"line":20,"column":2},"end":{"line":24,"column":4}},"8":{"start":{"line":19,"column":13},"end":{"line":19,"column":33}},"9":{"start":{"line":27,"column":31},"end":{"line":39,"column":1}},"10":{"start":{"line":28,"column":16},"end":{"line":37,"column":4}},"11":{"start":{"line":38,"column":2},"end":{"line":38,"column":15}},"12":{"start":{"line":27,"column":13},"end":{"line":27,"column":31}}},"fnMap":{"0":{"name":"(anonymous_1)","decl":{"start":{"line":4,"column":30},"end":{"line":4,"column":35}},"loc":{"start":{"line":4,"column":54},"end":{"line":17,"column":1}}},"1":{"name":"(anonymous_2)","decl":{"start":{"line":19,"column":33},"end":{"line":19,"column":34}},"loc":{"start":{"line":19,"column":70},"end":{"line":25,"column":1}}},"2":{"name":"(anonymous_3)","decl":{"start":{"line":27,"column":31},"end":{"line":27,"column":36}},"loc":{"start":{"line":27,"column":42},"end":{"line":39,"column":1}}}},"branchMap":{"0":{"loc":{"start":{"line":4,"column":37},"end":{"line":4,"column":50}},"type":"default-arg","locations":[{"start":{"line":4,"column":48},"end":{"line":4,"column":50}}]},"1":{"loc":{"start":{"line":19,"column":50},"end":{"line":19,"column":66}},"type":"default-arg","locations":[{"start":{"line":19,"column":57},"end":{"line":19,"column":66}}]},"2":{"loc":{"start":{"line":22,"column":4},"end":{"line":22,"column":47}},"type":"binary-expr","locations":[{"start":{"line":22,"column":4},"end":{"line":22,"column":26}},{"start":{"line":22,"column":30},"end":{"line":22,"column":47}}]}},"s":{"0":2,"1":2,"2":2,"3":16,"4":16,"5":2,"6":2,"7":20,"8":2,"9":2,"10":16,"11":16,"12":2},"f":{"0":16,"1":20,"2":16},"b":{"0":[0],"1":[2],"2":[20,0]}}
}
