{"C:\\Projects\\Not-Alone-Backend\\src\\index.ts": {"path":"C:\\Projects\\Not-Alone-Backend\\src\\index.ts","statementMap":{"0":{"start":{"line":1,"column":0},"end":{"line":1,"column":76}},"1":{"start":{"line":2,"column":0},"end":{"line":2,"column":32}},"2":{"start":{"line":3,"column":0},"end":{"line":3,"column":24}},"3":{"start":{"line":4,"column":0},"end":{"line":4,"column":28}},"4":{"start":{"line":5,"column":0},"end":{"line":5,"column":28}},"5":{"start":{"line":6,"column":0},"end":{"line":6,"column":24}},"6":{"start":{"line":7,"column":0},"end":{"line":7,"column":28}},"7":{"start":{"line":8,"column":0},"end":{"line":8,"column":45}},"8":{"start":{"line":9,"column":0},"end":{"line":9,"column":50}},"9":{"start":{"line":13,"column":0},"end":{"line":13,"column":16}},"10":{"start":{"line":14,"column":0},"end":{"line":14,"column":14}},"11":{"start":{"line":17,"column":12},"end":{"line":17,"column":21}},"12":{"start":{"line":133,"column":9},"end":{"line":133,"column":12}},"13":{"start":{"line":18,"column":28},"end":{"line":18,"column":32}},"14":{"start":{"line":133,"column":14},"end":{"line":133,"column":20}},"15":{"start":{"line":21,"column":0},"end":{"line":21,"column":18}},"16":{"start":{"line":22,"column":0},"end":{"line":29,"column":2}},"17":{"start":{"line":32,"column":0},"end":{"line":32,"column":23}},"18":{"start":{"line":33,"column":0},"end":{"line":33,"column":41}},"19":{"start":{"line":34,"column":0},"end":{"line":34,"column":63}},"20":{"start":{"line":37,"column":0},"end":{"line":37,"column":59}},"21":{"start":{"line":40,"column":0},"end":{"line":45,"column":3}},"22":{"start":{"line":41,"column":2},"end":{"line":41,"column":53}},"23":{"start":{"line":42,"column":2},"end":{"line":42,"column":43}},"24":{"start":{"line":43,"column":2},"end":{"line":43,"column":53}},"25":{"start":{"line":44,"column":2},"end":{"line":44,"column":9}},"26":{"start":{"line":48,"column":0},"end":{"line":48,"column":34}},"27":{"start":{"line":51,"column":0},"end":{"line":61,"column":3}},"28":{"start":{"line":52,"column":2},"end":{"line":52,"column":27}},"29":{"start":{"line":54,"column":4},"end":{"line":56,"column":19}},"30":{"start":{"line":57,"column":2},"end":{"line":60,"column":5}},"31":{"start":{"line":64,"column":25},"end":{"line":88,"column":1}},"32":{"start":{"line":66,"column":4},"end":{"line":68,"column":31}},"33":{"start":{"line":70,"column":2},"end":{"line":72,"column":3}},"34":{"start":{"line":71,"column":4},"end":{"line":71,"column":68}},"35":{"start":{"line":74,"column":2},"end":{"line":87,"column":3}},"36":{"start":{"line":75,"column":4},"end":{"line":75,"column":32}},"37":{"start":{"line":76,"column":4},"end":{"line":76,"column":78}},"38":{"start":{"line":78,"column":4},"end":{"line":84,"column":5}},"39":{"start":{"line":79,"column":6},"end":{"line":81,"column":8}},"40":{"start":{"line":82,"column":6},"end":{"line":82,"column":64}},"41":{"start":{"line":82,"column":37},"end":{"line":82,"column":62}},"42":{"start":{"line":83,"column":6},"end":{"line":83,"column":36}},"43":{"start":{"line":85,"column":4},"end":{"line":85,"column":54}},"44":{"start":{"line":86,"column":4},"end":{"line":86,"column":16}},"45":{"start":{"line":64,"column":13},"end":{"line":64,"column":25}},"46":{"start":{"line":91,"column":33},"end":{"line":93,"column":1}},"47":{"start":{"line":92,"column":2},"end":{"line":92,"column":45}},"48":{"start":{"line":91,"column":13},"end":{"line":91,"column":33}},"49":{"start":{"line":95,"column":27},"end":{"line":105,"column":1}},"50":{"start":{"line":96,"column":2},"end":{"line":104,"column":3}},"51":{"start":{"line":97,"column":4},"end":{"line":102,"column":7}},"52":{"start":{"line":98,"column":6},"end":{"line":101,"column":9}},"53":{"start":{"line":99,"column":8},"end":{"line":100,"column":23}},"54":{"start":{"line":99,"column":17},"end":{"line":99,"column":29}},"55":{"start":{"line":100,"column":13},"end":{"line":100,"column":23}},"56":{"start":{"line":103,"column":4},"end":{"line":103,"column":18}},"57":{"start":{"line":95,"column":13},"end":{"line":95,"column":27}},"58":{"start":{"line":108,"column":0},"end":{"line":131,"column":1}},"59":{"start":{"line":109,"column":15},"end":{"line":109,"column":39}},"60":{"start":{"line":110,"column":2},"end":{"line":130,"column":7}},"61":{"start":{"line":112,"column":6},"end":{"line":114,"column":9}},"62":{"start":{"line":113,"column":8},"end":{"line":113,"column":74}},"63":{"start":{"line":117,"column":6},"end":{"line":125,"column":9}},"64":{"start":{"line":118,"column":8},"end":{"line":118,"column":69}},"65":{"start":{"line":119,"column":8},"end":{"line":124,"column":11}},"66":{"start":{"line":120,"column":10},"end":{"line":120,"column":59}},"67":{"start":{"line":121,"column":10},"end":{"line":123,"column":13}},"68":{"start":{"line":122,"column":12},"end":{"line":122,"column":28}},"69":{"start":{"line":128,"column":6},"end":{"line":128,"column":54}},"70":{"start":{"line":129,"column":6},"end":{"line":129,"column":22}}},"fnMap":{"0":{"name":"(anonymous_1)","decl":{"start":{"line":40,"column":8},"end":{"line":40,"column":9}},"loc":{"start":{"line":40,"column":61},"end":{"line":45,"column":1}}},"1":{"name":"(anonymous_2)","decl":{"start":{"line":51,"column":8},"end":{"line":51,"column":9}},"loc":{"start":{"line":51,"column":74},"end":{"line":61,"column":1}}},"2":{"name":"(anonymous_3)","decl":{"start":{"line":64,"column":25},"end":{"line":64,"column":30}},"loc":{"start":{"line":64,"column":62},"end":{"line":88,"column":1}}},"3":{"name":"(anonymous_4)","decl":{"start":{"line":82,"column":24},"end":{"line":82,"column":25}},"loc":{"start":{"line":82,"column":37},"end":{"line":82,"column":62}}},"4":{"name":"(anonymous_5)","decl":{"start":{"line":91,"column":33},"end":{"line":91,"column":45}},"loc":{"start":{"line":91,"column":47},"end":{"line":93,"column":1}}},"5":{"name":"(anonymous_6)","decl":{"start":{"line":95,"column":27},"end":{"line":95,"column":32}},"loc":{"start":{"line":95,"column":53},"end":{"line":105,"column":1}}},"6":{"name":"(anonymous_7)","decl":{"start":{"line":97,"column":28},"end":{"line":97,"column":29}},"loc":{"start":{"line":97,"column":48},"end":{"line":102,"column":5}}},"7":{"name":"(anonymous_8)","decl":{"start":{"line":98,"column":20},"end":{"line":98,"column":21}},"loc":{"start":{"line":98,"column":28},"end":{"line":101,"column":7}}},"8":{"name":"(anonymous_9)","decl":{"start":{"line":111,"column":10},"end":{"line":111,"column":13}},"loc":{"start":{"line":111,"column":15},"end":{"line":126,"column":5}}},"9":{"name":"(anonymous_10)","decl":{"start":{"line":112,"column":32},"end":{"line":112,"column":35}},"loc":{"start":{"line":112,"column":37},"end":{"line":114,"column":7}}},"10":{"name":"(anonymous_11)","decl":{"start":{"line":117,"column":28},"end":{"line":117,"column":31}},"loc":{"start":{"line":117,"column":33},"end":{"line":125,"column":7}}},"11":{"name":"(anonymous_12)","decl":{"start":{"line":119,"column":27},"end":{"line":119,"column":30}},"loc":{"start":{"line":119,"column":32},"end":{"line":124,"column":9}}},"12":{"name":"(anonymous_13)","decl":{"start":{"line":121,"column":48},"end":{"line":121,"column":51}},"loc":{"start":{"line":121,"column":53},"end":{"line":123,"column":11}}},"13":{"name":"(anonymous_14)","decl":{"start":{"line":127,"column":11},"end":{"line":127,"column":12}},"loc":{"start":{"line":127,"column":21},"end":{"line":130,"column":5}}}},"branchMap":{"0":{"loc":{"start":{"line":24,"column":12},"end":{"line":24,"column":42}},"type":"binary-expr","locations":[{"start":{"line":24,"column":12},"end":{"line":24,"column":35}},{"start":{"line":24,"column":39},"end":{"line":24,"column":42}}]},"1":{"loc":{"start":{"line":54,"column":4},"end":{"line":56,"column":19}},"type":"cond-expr","locations":[{"start":{"line":55,"column":8},"end":{"line":55,"column":31}},{"start":{"line":56,"column":8},"end":{"line":56,"column":19}}]},"2":{"loc":{"start":{"line":59,"column":8},"end":{"line":59,"column":69}},"type":"binary-expr","locations":[{"start":{"line":59,"column":8},"end":{"line":59,"column":45}},{"start":{"line":59,"column":49},"end":{"line":59,"column":69}}]},"3":{"loc":{"start":{"line":64,"column":32},"end":{"line":64,"column":43}},"type":"default-arg","locations":[{"start":{"line":64,"column":42},"end":{"line":64,"column":43}}]},"4":{"loc":{"start":{"line":66,"column":4},"end":{"line":68,"column":31}},"type":"cond-expr","locations":[{"start":{"line":67,"column":8},"end":{"line":67,"column":36}},{"start":{"line":68,"column":8},"end":{"line":68,"column":31}}]},"5":{"loc":{"start":{"line":70,"column":2},"end":{"line":72,"column":3}},"type":"if","locations":[{"start":{"line":70,"column":2},"end":{"line":72,"column":3}}]},"6":{"loc":{"start":{"line":78,"column":4},"end":{"line":84,"column":5}},"type":"if","locations":[{"start":{"line":78,"column":4},"end":{"line":84,"column":5}}]},"7":{"loc":{"start":{"line":92,"column":9},"end":{"line":92,"column":44}},"type":"binary-expr","locations":[{"start":{"line":92,"column":9},"end":{"line":92,"column":24}},{"start":{"line":92,"column":28},"end":{"line":92,"column":44}}]},"8":{"loc":{"start":{"line":96,"column":2},"end":{"line":104,"column":3}},"type":"if","locations":[{"start":{"line":96,"column":2},"end":{"line":104,"column":3}}]},"9":{"loc":{"start":{"line":99,"column":8},"end":{"line":100,"column":23}},"type":"if","locations":[{"start":{"line":99,"column":8},"end":{"line":100,"column":23}},{"start":{"line":100,"column":13},"end":{"line":100,"column":23}}]},"10":{"loc":{"start":{"line":108,"column":0},"end":{"line":131,"column":1}},"type":"if","locations":[{"start":{"line":108,"column":0},"end":{"line":131,"column":1}}]},"11":{"loc":{"start":{"line":109,"column":15},"end":{"line":109,"column":39}},"type":"binary-expr","locations":[{"start":{"line":109,"column":15},"end":{"line":109,"column":31}},{"start":{"line":109,"column":35},"end":{"line":109,"column":39}}]}},"s":{"0":3,"1":3,"2":3,"3":3,"4":3,"5":3,"6":3,"7":3,"8":3,"9":3,"10":3,"11":3,"12":3,"13":3,"14":3,"15":3,"16":3,"17":3,"18":3,"19":3,"20":3,"21":3,"22":26,"23":26,"24":26,"25":26,"26":3,"27":3,"28":0,"29":0,"30":0,"31":3,"32":0,"33":0,"34":0,"35":0,"36":0,"37":0,"38":0,"39":0,"40":0,"41":0,"42":0,"43":0,"44":0,"45":3,"46":3,"47":0,"48":3,"49":3,"50":0,"51":0,"52":0,"53":0,"54":0,"55":0,"56":0,"57":3,"58":3,"59":0,"60":0,"61":0,"62":0,"63":0,"64":0,"65":0,"66":0,"67":0,"68":0,"69":0,"70":0},"f":{"0":26,"1":0,"2":0,"3":0,"4":0,"5":0,"6":0,"7":0,"8":0,"9":0,"10":0,"11":0,"12":0,"13":0},"b":{"0":[3,3],"1":[0,0],"2":[0,0],"3":[0],"4":[0,0],"5":[0],"6":[0],"7":[0,0],"8":[0],"9":[0,0],"10":[0],"11":[0,0]}}
,"C:\\Projects\\Not-Alone-Backend\\src\\controllers\\userController.ts": {"path":"C:\\Projects\\Not-Alone-Backend\\src\\controllers\\userController.ts","statementMap":{"0":{"start":{"line":2,"column":0},"end":{"line":2,"column":38}},"1":{"start":{"line":3,"column":0},"end":{"line":3,"column":31}},"2":{"start":{"line":4,"column":0},"end":{"line":4,"column":32}},"3":{"start":{"line":28,"column":25},"end":{"line":115,"column":1}},"4":{"start":{"line":32,"column":2},"end":{"line":114,"column":3}},"5":{"start":{"line":33,"column":32},"end":{"line":33,"column":40}},"6":{"start":{"line":35,"column":4},"end":{"line":39,"column":5}},"7":{"start":{"line":36,"column":6},"end":{"line":38,"column":9}},"8":{"start":{"line":41,"column":23},"end":{"line":41,"column":51}},"9":{"start":{"line":42,"column":4},"end":{"line":46,"column":5}},"10":{"start":{"line":43,"column":6},"end":{"line":45,"column":9}},"11":{"start":{"line":48,"column":17},"end":{"line":48,"column":66}},"12":{"start":{"line":50,"column":4},"end":{"line":52,"column":5}},"13":{"start":{"line":51,"column":6},"end":{"line":51,"column":68}},"14":{"start":{"line":54,"column":20},"end":{"line":54,"column":56}},"15":{"start":{"line":55,"column":4},"end":{"line":57,"column":5}},"16":{"start":{"line":56,"column":6},"end":{"line":56,"column":68}},"17":{"start":{"line":59,"column":23},"end":{"line":66,"column":6}},"18":{"start":{"line":67,"column":4},"end":{"line":69,"column":5}},"19":{"start":{"line":68,"column":6},"end":{"line":68,"column":66}},"20":{"start":{"line":72,"column":4},"end":{"line":81,"column":5}},"21":{"start":{"line":73,"column":6},"end":{"line":80,"column":9}},"22":{"start":{"line":83,"column":18},"end":{"line":91,"column":null}},"23":{"start":{"line":95,"column":43},"end":{"line":95,"column":58}},"24":{"start":{"line":97,"column":4},"end":{"line":110,"column":7}},"25":{"start":{"line":112,"column":4},"end":{"line":112,"column":41}},"26":{"start":{"line":113,"column":4},"end":{"line":113,"column":63}},"27":{"start":{"line":28,"column":13},"end":{"line":28,"column":25}},"28":{"start":{"line":117,"column":30},"end":{"line":145,"column":1}},"29":{"start":{"line":121,"column":2},"end":{"line":144,"column":3}},"30":{"start":{"line":122,"column":4},"end":{"line":124,"column":5}},"31":{"start":{"line":123,"column":6},"end":{"line":123,"column":71}},"32":{"start":{"line":126,"column":17},"end":{"line":128,"column":13}},"33":{"start":{"line":130,"column":4},"end":{"line":132,"column":5}},"34":{"start":{"line":131,"column":6},"end":{"line":131,"column":63}},"35":{"start":{"line":134,"column":4},"end":{"line":138,"column":5}},"36":{"start":{"line":135,"column":6},"end":{"line":137,"column":68}},"37":{"start":{"line":140,"column":4},"end":{"line":140,"column":30}},"38":{"start":{"line":142,"column":4},"end":{"line":142,"column":52}},"39":{"start":{"line":143,"column":4},"end":{"line":143,"column":66}},"40":{"start":{"line":117,"column":13},"end":{"line":117,"column":30}},"41":{"start":{"line":148,"column":26},"end":{"line":196,"column":1}},"42":{"start":{"line":152,"column":2},"end":{"line":195,"column":3}},"43":{"start":{"line":153,"column":39},"end":{"line":153,"column":47}},"44":{"start":{"line":156,"column":23},"end":{"line":156,"column":51}},"45":{"start":{"line":157,"column":4},"end":{"line":161,"column":5}},"46":{"start":{"line":158,"column":6},"end":{"line":160,"column":61}},"47":{"start":{"line":164,"column":25},"end":{"line":166,"column":6}},"48":{"start":{"line":168,"column":4},"end":{"line":172,"column":5}},"49":{"start":{"line":169,"column":6},"end":{"line":171,"column":9}},"50":{"start":{"line":175,"column":17},"end":{"line":175,"column":44}},"51":{"start":{"line":176,"column":25},"end":{"line":176,"column":40}},"52":{"start":{"line":177,"column":60},"end":{"line":177,"column":72}},"53":{"start":{"line":179,"column":4},"end":{"line":179,"column":50}},"54":{"start":{"line":181,"column":4},"end":{"line":181,"column":47}},"55":{"start":{"line":182,"column":4},"end":{"line":188,"column":5}},"56":{"start":{"line":183,"column":6},"end":{"line":187,"column":9}},"57":{"start":{"line":184,"column":58},"end":{"line":186,"column":10}},"58":{"start":{"line":189,"column":4},"end":{"line":193,"column":5}},"59":{"start":{"line":190,"column":6},"end":{"line":192,"column":9}},"60":{"start":{"line":194,"column":4},"end":{"line":194,"column":59}},"61":{"start":{"line":148,"column":13},"end":{"line":148,"column":26}},"62":{"start":{"line":198,"column":27},"end":{"line":263,"column":1}},"63":{"start":{"line":202,"column":2},"end":{"line":262,"column":3}},"64":{"start":{"line":203,"column":17},"end":{"line":203,"column":56}},"65":{"start":{"line":204,"column":18},"end":{"line":204,"column":59}},"66":{"start":{"line":205,"column":17},"end":{"line":205,"column":35}},"67":{"start":{"line":207,"column":31},"end":{"line":207,"column":33}},"68":{"start":{"line":208,"column":4},"end":{"line":219,"column":5}},"69":{"start":{"line":209,"column":25},"end":{"line":215,"column":8}},"70":{"start":{"line":216,"column":6},"end":{"line":218,"column":7}},"71":{"start":{"line":217,"column":8},"end":{"line":217,"column":37}},"72":{"start":{"line":221,"column":4},"end":{"line":228,"column":5}},"73":{"start":{"line":222,"column":26},"end":{"line":222,"column":59}},"74":{"start":{"line":223,"column":6},"end":{"line":227,"column":8}},"75":{"start":{"line":230,"column":19},"end":{"line":243,"column":6}},"76":{"start":{"line":245,"column":18},"end":{"line":245,"column":33}},"77":{"start":{"line":246,"column":18},"end":{"line":246,"column":48}},"78":{"start":{"line":248,"column":4},"end":{"line":256,"column":7}},"79":{"start":{"line":258,"column":4},"end":{"line":258,"column":49}},"80":{"start":{"line":259,"column":4},"end":{"line":261,"column":7}},"81":{"start":{"line":198,"column":13},"end":{"line":198,"column":27}},"82":{"start":{"line":265,"column":24},"end":{"line":342,"column":1}},"83":{"start":{"line":269,"column":2},"end":{"line":341,"column":3}},"84":{"start":{"line":270,"column":19},"end":{"line":270,"column":29}},"85":{"start":{"line":271,"column":20},"end":{"line":271,"column":28}},"86":{"start":{"line":273,"column":4},"end":{"line":275,"column":5}},"87":{"start":{"line":274,"column":6},"end":{"line":274,"column":71}},"88":{"start":{"line":277,"column":20},"end":{"line":277,"column":45}},"89":{"start":{"line":278,"column":25},"end":{"line":278,"column":47}},"90":{"start":{"line":279,"column":4},"end":{"line":283,"column":5}},"91":{"start":{"line":280,"column":6},"end":{"line":282,"column":61}},"92":{"start":{"line":285,"column":27},"end":{"line":293,"column":6}},"93":{"start":{"line":294,"column":4},"end":{"line":296,"column":5}},"94":{"start":{"line":295,"column":6},"end":{"line":295,"column":43}},"95":{"start":{"line":298,"column":42},"end":{"line":298,"column":44}},"96":{"start":{"line":299,"column":4},"end":{"line":303,"column":7}},"97":{"start":{"line":300,"column":6},"end":{"line":302,"column":7}},"98":{"start":{"line":301,"column":8},"end":{"line":301,"column":66}},"99":{"start":{"line":305,"column":4},"end":{"line":310,"column":5}},"100":{"start":{"line":306,"column":25},"end":{"line":306,"column":44}},"101":{"start":{"line":307,"column":6},"end":{"line":309,"column":7}},"102":{"start":{"line":308,"column":8},"end":{"line":308,"column":71}},"103":{"start":{"line":312,"column":17},"end":{"line":322,"column":35}},"104":{"start":{"line":324,"column":4},"end":{"line":328,"column":5}},"105":{"start":{"line":325,"column":6},"end":{"line":327,"column":74}},"106":{"start":{"line":330,"column":4},"end":{"line":330,"column":30}},"107":{"start":{"line":332,"column":4},"end":{"line":332,"column":45}},"108":{"start":{"line":333,"column":4},"end":{"line":339,"column":5}},"109":{"start":{"line":334,"column":6},"end":{"line":338,"column":9}},"110":{"start":{"line":335,"column":58},"end":{"line":337,"column":10}},"111":{"start":{"line":340,"column":4},"end":{"line":340,"column":66}},"112":{"start":{"line":265,"column":13},"end":{"line":265,"column":24}},"113":{"start":{"line":344,"column":26},"end":{"line":365,"column":1}},"114":{"start":{"line":348,"column":2},"end":{"line":364,"column":3}},"115":{"start":{"line":349,"column":19},"end":{"line":349,"column":29}},"116":{"start":{"line":351,"column":4},"end":{"line":353,"column":5}},"117":{"start":{"line":352,"column":6},"end":{"line":352,"column":71}},"118":{"start":{"line":355,"column":17},"end":{"line":355,"column":49}},"119":{"start":{"line":356,"column":4},"end":{"line":358,"column":5}},"120":{"start":{"line":357,"column":6},"end":{"line":357,"column":63}},"121":{"start":{"line":360,"column":4},"end":{"line":360,"column":55}},"122":{"start":{"line":362,"column":4},"end":{"line":362,"column":47}},"123":{"start":{"line":363,"column":4},"end":{"line":363,"column":59}},"124":{"start":{"line":344,"column":13},"end":{"line":344,"column":26}},"125":{"start":{"line":368,"column":31},"end":{"line":383,"column":1}},"126":{"start":{"line":372,"column":2},"end":{"line":382,"column":3}},"127":{"start":{"line":373,"column":18},"end":{"line":376,"column":13}},"128":{"start":{"line":378,"column":4},"end":{"line":378,"column":31}},"129":{"start":{"line":380,"column":4},"end":{"line":380,"column":53}},"130":{"start":{"line":381,"column":4},"end":{"line":381,"column":75}},"131":{"start":{"line":368,"column":13},"end":{"line":368,"column":31}},"132":{"start":{"line":385,"column":30},"end":{"line":412,"column":1}},"133":{"start":{"line":389,"column":2},"end":{"line":411,"column":3}},"134":{"start":{"line":390,"column":19},"end":{"line":390,"column":29}},"135":{"start":{"line":392,"column":4},"end":{"line":394,"column":5}},"136":{"start":{"line":393,"column":6},"end":{"line":393,"column":71}},"137":{"start":{"line":396,"column":17},"end":{"line":401,"column":13}},"138":{"start":{"line":403,"column":4},"end":{"line":405,"column":5}},"139":{"start":{"line":404,"column":6},"end":{"line":404,"column":71}},"140":{"start":{"line":407,"column":4},"end":{"line":407,"column":30}},"141":{"start":{"line":409,"column":4},"end":{"line":409,"column":52}},"142":{"start":{"line":410,"column":4},"end":{"line":410,"column":74}},"143":{"start":{"line":385,"column":13},"end":{"line":385,"column":30}},"144":{"start":{"line":414,"column":27},"end":{"line":446,"column":1}},"145":{"start":{"line":418,"column":2},"end":{"line":445,"column":3}},"146":{"start":{"line":419,"column":19},"end":{"line":419,"column":29}},"147":{"start":{"line":421,"column":4},"end":{"line":423,"column":5}},"148":{"start":{"line":422,"column":6},"end":{"line":422,"column":71}},"149":{"start":{"line":425,"column":17},"end":{"line":435,"column":35}},"150":{"start":{"line":437,"column":4},"end":{"line":439,"column":5}},"151":{"start":{"line":438,"column":6},"end":{"line":438,"column":71}},"152":{"start":{"line":441,"column":4},"end":{"line":441,"column":30}},"153":{"start":{"line":443,"column":4},"end":{"line":443,"column":48}},"154":{"start":{"line":444,"column":4},"end":{"line":444,"column":67}},"155":{"start":{"line":414,"column":13},"end":{"line":414,"column":27}},"156":{"start":{"line":448,"column":24},"end":{"line":485,"column":1}},"157":{"start":{"line":452,"column":2},"end":{"line":484,"column":3}},"158":{"start":{"line":453,"column":19},"end":{"line":453,"column":29}},"159":{"start":{"line":454,"column":23},"end":{"line":454,"column":31}},"160":{"start":{"line":456,"column":4},"end":{"line":458,"column":5}},"161":{"start":{"line":457,"column":6},"end":{"line":457,"column":71}},"162":{"start":{"line":460,"column":4},"end":{"line":462,"column":5}},"163":{"start":{"line":461,"column":6},"end":{"line":461,"column":74}},"164":{"start":{"line":464,"column":17},"end":{"line":474,"column":35}},"165":{"start":{"line":476,"column":4},"end":{"line":478,"column":5}},"166":{"start":{"line":477,"column":6},"end":{"line":477,"column":71}},"167":{"start":{"line":480,"column":4},"end":{"line":480,"column":30}},"168":{"start":{"line":482,"column":4},"end":{"line":482,"column":45}},"169":{"start":{"line":483,"column":4},"end":{"line":483,"column":65}},"170":{"start":{"line":448,"column":13},"end":{"line":448,"column":24}},"171":{"start":{"line":488,"column":33},"end":{"line":550,"column":1}},"172":{"start":{"line":492,"column":2},"end":{"line":549,"column":3}},"173":{"start":{"line":493,"column":20},"end":{"line":493,"column":28}},"174":{"start":{"line":494,"column":19},"end":{"line":494,"column":34}},"175":{"start":{"line":496,"column":27},"end":{"line":504,"column":6}},"176":{"start":{"line":506,"column":42},"end":{"line":506,"column":44}},"177":{"start":{"line":507,"column":4},"end":{"line":511,"column":7}},"178":{"start":{"line":508,"column":6},"end":{"line":510,"column":7}},"179":{"start":{"line":509,"column":8},"end":{"line":509,"column":66}},"180":{"start":{"line":513,"column":4},"end":{"line":518,"column":5}},"181":{"start":{"line":514,"column":25},"end":{"line":514,"column":44}},"182":{"start":{"line":515,"column":6},"end":{"line":517,"column":7}},"183":{"start":{"line":516,"column":8},"end":{"line":516,"column":71}},"184":{"start":{"line":520,"column":17},"end":{"line":530,"column":35}},"185":{"start":{"line":532,"column":4},"end":{"line":536,"column":5}},"186":{"start":{"line":533,"column":6},"end":{"line":535,"column":74}},"187":{"start":{"line":538,"column":4},"end":{"line":538,"column":30}},"188":{"start":{"line":540,"column":4},"end":{"line":540,"column":55}},"189":{"start":{"line":541,"column":4},"end":{"line":547,"column":5}},"190":{"start":{"line":542,"column":6},"end":{"line":546,"column":9}},"191":{"start":{"line":543,"column":58},"end":{"line":545,"column":10}},"192":{"start":{"line":548,"column":4},"end":{"line":548,"column":66}},"193":{"start":{"line":488,"column":13},"end":{"line":488,"column":33}},"194":{"start":{"line":552,"column":27},"end":{"line":574,"column":1}},"195":{"start":{"line":556,"column":2},"end":{"line":573,"column":3}},"196":{"start":{"line":557,"column":19},"end":{"line":557,"column":29}},"197":{"start":{"line":559,"column":4},"end":{"line":561,"column":5}},"198":{"start":{"line":560,"column":6},"end":{"line":560,"column":71}},"199":{"start":{"line":563,"column":17},"end":{"line":563,"column":77}},"200":{"start":{"line":565,"column":4},"end":{"line":567,"column":5}},"201":{"start":{"line":566,"column":6},"end":{"line":566,"column":63}},"202":{"start":{"line":569,"column":4},"end":{"line":569,"column":30}},"203":{"start":{"line":571,"column":4},"end":{"line":571,"column":50}},"204":{"start":{"line":572,"column":4},"end":{"line":572,"column":66}},"205":{"start":{"line":552,"column":13},"end":{"line":552,"column":27}}},"fnMap":{"0":{"name":"(anonymous_1)","decl":{"start":{"line":28,"column":25},"end":{"line":28,"column":30}},"loc":{"start":{"line":31,"column":30},"end":{"line":115,"column":1}}},"1":{"name":"(anonymous_2)","decl":{"start":{"line":117,"column":30},"end":{"line":117,"column":35}},"loc":{"start":{"line":120,"column":30},"end":{"line":145,"column":1}}},"2":{"name":"(anonymous_3)","decl":{"start":{"line":148,"column":26},"end":{"line":148,"column":31}},"loc":{"start":{"line":151,"column":30},"end":{"line":196,"column":1}}},"3":{"name":"(anonymous_4)","decl":{"start":{"line":184,"column":48},"end":{"line":184,"column":49}},"loc":{"start":{"line":184,"column":58},"end":{"line":186,"column":10}}},"4":{"name":"(anonymous_5)","decl":{"start":{"line":198,"column":27},"end":{"line":198,"column":32}},"loc":{"start":{"line":201,"column":30},"end":{"line":263,"column":1}}},"5":{"name":"(anonymous_6)","decl":{"start":{"line":265,"column":24},"end":{"line":265,"column":29}},"loc":{"start":{"line":268,"column":30},"end":{"line":342,"column":1}}},"6":{"name":"(anonymous_7)","decl":{"start":{"line":299,"column":33},"end":{"line":299,"column":34}},"loc":{"start":{"line":299,"column":41},"end":{"line":303,"column":5}}},"7":{"name":"(anonymous_8)","decl":{"start":{"line":335,"column":48},"end":{"line":335,"column":49}},"loc":{"start":{"line":335,"column":58},"end":{"line":337,"column":10}}},"8":{"name":"(anonymous_9)","decl":{"start":{"line":344,"column":26},"end":{"line":344,"column":31}},"loc":{"start":{"line":347,"column":30},"end":{"line":365,"column":1}}},"9":{"name":"(anonymous_10)","decl":{"start":{"line":368,"column":31},"end":{"line":368,"column":36}},"loc":{"start":{"line":371,"column":30},"end":{"line":383,"column":1}}},"10":{"name":"(anonymous_11)","decl":{"start":{"line":385,"column":30},"end":{"line":385,"column":35}},"loc":{"start":{"line":388,"column":30},"end":{"line":412,"column":1}}},"11":{"name":"(anonymous_12)","decl":{"start":{"line":414,"column":27},"end":{"line":414,"column":32}},"loc":{"start":{"line":417,"column":30},"end":{"line":446,"column":1}}},"12":{"name":"(anonymous_13)","decl":{"start":{"line":448,"column":24},"end":{"line":448,"column":29}},"loc":{"start":{"line":451,"column":30},"end":{"line":485,"column":1}}},"13":{"name":"(anonymous_14)","decl":{"start":{"line":488,"column":33},"end":{"line":488,"column":38}},"loc":{"start":{"line":491,"column":30},"end":{"line":550,"column":1}}},"14":{"name":"(anonymous_15)","decl":{"start":{"line":507,"column":33},"end":{"line":507,"column":34}},"loc":{"start":{"line":507,"column":41},"end":{"line":511,"column":5}}},"15":{"name":"(anonymous_16)","decl":{"start":{"line":543,"column":48},"end":{"line":543,"column":49}},"loc":{"start":{"line":543,"column":58},"end":{"line":545,"column":10}}},"16":{"name":"(anonymous_17)","decl":{"start":{"line":552,"column":27},"end":{"line":552,"column":32}},"loc":{"start":{"line":555,"column":30},"end":{"line":574,"column":1}}}},"branchMap":{"0":{"loc":{"start":{"line":35,"column":4},"end":{"line":39,"column":5}},"type":"if","locations":[{"start":{"line":35,"column":4},"end":{"line":39,"column":5}}]},"1":{"loc":{"start":{"line":35,"column":8},"end":{"line":35,"column":27}},"type":"binary-expr","locations":[{"start":{"line":35,"column":8},"end":{"line":35,"column":14}},{"start":{"line":35,"column":18},"end":{"line":35,"column":27}}]},"2":{"loc":{"start":{"line":42,"column":4},"end":{"line":46,"column":5}},"type":"if","locations":[{"start":{"line":42,"column":4},"end":{"line":46,"column":5}}]},"3":{"loc":{"start":{"line":50,"column":4},"end":{"line":52,"column":5}},"type":"if","locations":[{"start":{"line":50,"column":4},"end":{"line":52,"column":5}}]},"4":{"loc":{"start":{"line":55,"column":4},"end":{"line":57,"column":5}},"type":"if","locations":[{"start":{"line":55,"column":4},"end":{"line":57,"column":5}}]},"5":{"loc":{"start":{"line":67,"column":4},"end":{"line":69,"column":5}},"type":"if","locations":[{"start":{"line":67,"column":4},"end":{"line":69,"column":5}}]},"6":{"loc":{"start":{"line":72,"column":4},"end":{"line":81,"column":5}},"type":"if","locations":[{"start":{"line":72,"column":4},"end":{"line":81,"column":5}}]},"7":{"loc":{"start":{"line":72,"column":8},"end":{"line":72,"column":67}},"type":"binary-expr","locations":[{"start":{"line":72,"column":8},"end":{"line":72,"column":29}},{"start":{"line":72,"column":33},"end":{"line":72,"column":67}}]},"8":{"loc":{"start":{"line":77,"column":10},"end":{"line":79,"column":48}},"type":"cond-expr","locations":[{"start":{"line":78,"column":14},"end":{"line":78,"column":31}},{"start":{"line":79,"column":14},"end":{"line":79,"column":48}}]},"9":{"loc":{"start":{"line":88,"column":6},"end":{"line":88,"column":49}},"type":"binary-expr","locations":[{"start":{"line":88,"column":6},"end":{"line":88,"column":28}},{"start":{"line":88,"column":32},"end":{"line":88,"column":49}}]},"10":{"loc":{"start":{"line":122,"column":4},"end":{"line":124,"column":5}},"type":"if","locations":[{"start":{"line":122,"column":4},"end":{"line":124,"column":5}}]},"11":{"loc":{"start":{"line":130,"column":4},"end":{"line":132,"column":5}},"type":"if","locations":[{"start":{"line":130,"column":4},"end":{"line":132,"column":5}}]},"12":{"loc":{"start":{"line":134,"column":4},"end":{"line":138,"column":5}},"type":"if","locations":[{"start":{"line":134,"column":4},"end":{"line":138,"column":5}}]},"13":{"loc":{"start":{"line":157,"column":4},"end":{"line":161,"column":5}},"type":"if","locations":[{"start":{"line":157,"column":4},"end":{"line":161,"column":5}}]},"14":{"loc":{"start":{"line":168,"column":4},"end":{"line":172,"column":5}},"type":"if","locations":[{"start":{"line":168,"column":4},"end":{"line":172,"column":5}}]},"15":{"loc":{"start":{"line":182,"column":4},"end":{"line":188,"column":5}},"type":"if","locations":[{"start":{"line":182,"column":4},"end":{"line":188,"column":5}}]},"16":{"loc":{"start":{"line":189,"column":4},"end":{"line":193,"column":5}},"type":"if","locations":[{"start":{"line":189,"column":4},"end":{"line":193,"column":5}}]},"17":{"loc":{"start":{"line":189,"column":8},"end":{"line":189,"column":63}},"type":"binary-expr","locations":[{"start":{"line":189,"column":8},"end":{"line":189,"column":30}},{"start":{"line":189,"column":35},"end":{"line":189,"column":63}}]},"18":{"loc":{"start":{"line":203,"column":17},"end":{"line":203,"column":56}},"type":"binary-expr","locations":[{"start":{"line":203,"column":17},"end":{"line":203,"column":51}},{"start":{"line":203,"column":55},"end":{"line":203,"column":56}}]},"19":{"loc":{"start":{"line":204,"column":18},"end":{"line":204,"column":59}},"type":"binary-expr","locations":[{"start":{"line":204,"column":18},"end":{"line":204,"column":53}},{"start":{"line":204,"column":57},"end":{"line":204,"column":59}}]},"20":{"loc":{"start":{"line":208,"column":4},"end":{"line":219,"column":5}},"type":"if","locations":[{"start":{"line":208,"column":4},"end":{"line":219,"column":5}}]},"21":{"loc":{"start":{"line":208,"column":8},"end":{"line":208,"column":60}},"type":"binary-expr","locations":[{"start":{"line":208,"column":8},"end":{"line":208,"column":22}},{"start":{"line":208,"column":26},"end":{"line":208,"column":60}}]},"22":{"loc":{"start":{"line":216,"column":6},"end":{"line":218,"column":7}},"type":"if","locations":[{"start":{"line":216,"column":6},"end":{"line":218,"column":7}}]},"23":{"loc":{"start":{"line":221,"column":4},"end":{"line":228,"column":5}},"type":"if","locations":[{"start":{"line":221,"column":4},"end":{"line":228,"column":5}}]},"24":{"loc":{"start":{"line":221,"column":8},"end":{"line":221,"column":64}},"type":"binary-expr","locations":[{"start":{"line":221,"column":8},"end":{"line":221,"column":24}},{"start":{"line":221,"column":28},"end":{"line":221,"column":64}}]},"25":{"loc":{"start":{"line":246,"column":18},"end":{"line":246,"column":48}},"type":"binary-expr","locations":[{"start":{"line":246,"column":18},"end":{"line":246,"column":43}},{"start":{"line":246,"column":47},"end":{"line":246,"column":48}}]},"26":{"loc":{"start":{"line":246,"column":18},"end":{"line":246,"column":43}},"type":"cond-expr","locations":[{"start":{"line":246,"column":36},"end":{"line":246,"column":38}},{"start":{"line":246,"column":36},"end":{"line":246,"column":43}}]},"27":{"loc":{"start":{"line":246,"column":18},"end":{"line":246,"column":38}},"type":"binary-expr","locations":[{"start":{"line":246,"column":18},"end":{"line":246,"column":38}},{"start":{"line":246,"column":36},"end":{"line":246,"column":38}}]},"28":{"loc":{"start":{"line":273,"column":4},"end":{"line":275,"column":5}},"type":"if","locations":[{"start":{"line":273,"column":4},"end":{"line":275,"column":5}}]},"29":{"loc":{"start":{"line":279,"column":4},"end":{"line":283,"column":5}},"type":"if","locations":[{"start":{"line":279,"column":4},"end":{"line":283,"column":5}}]},"30":{"loc":{"start":{"line":279,"column":8},"end":{"line":279,"column":33}},"type":"binary-expr","locations":[{"start":{"line":279,"column":8},"end":{"line":279,"column":16}},{"start":{"line":279,"column":20},"end":{"line":279,"column":33}}]},"31":{"loc":{"start":{"line":294,"column":4},"end":{"line":296,"column":5}},"type":"if","locations":[{"start":{"line":294,"column":4},"end":{"line":296,"column":5}}]},"32":{"loc":{"start":{"line":300,"column":6},"end":{"line":302,"column":7}},"type":"if","locations":[{"start":{"line":300,"column":6},"end":{"line":302,"column":7}}]},"33":{"loc":{"start":{"line":305,"column":4},"end":{"line":310,"column":5}},"type":"if","locations":[{"start":{"line":305,"column":4},"end":{"line":310,"column":5}}]},"34":{"loc":{"start":{"line":307,"column":6},"end":{"line":309,"column":7}},"type":"if","locations":[{"start":{"line":307,"column":6},"end":{"line":309,"column":7}}]},"35":{"loc":{"start":{"line":324,"column":4},"end":{"line":328,"column":5}},"type":"if","locations":[{"start":{"line":324,"column":4},"end":{"line":328,"column":5}}]},"36":{"loc":{"start":{"line":333,"column":4},"end":{"line":339,"column":5}},"type":"if","locations":[{"start":{"line":333,"column":4},"end":{"line":339,"column":5}}]},"37":{"loc":{"start":{"line":351,"column":4},"end":{"line":353,"column":5}},"type":"if","locations":[{"start":{"line":351,"column":4},"end":{"line":353,"column":5}}]},"38":{"loc":{"start":{"line":356,"column":4},"end":{"line":358,"column":5}},"type":"if","locations":[{"start":{"line":356,"column":4},"end":{"line":358,"column":5}}]},"39":{"loc":{"start":{"line":392,"column":4},"end":{"line":394,"column":5}},"type":"if","locations":[{"start":{"line":392,"column":4},"end":{"line":394,"column":5}}]},"40":{"loc":{"start":{"line":403,"column":4},"end":{"line":405,"column":5}},"type":"if","locations":[{"start":{"line":403,"column":4},"end":{"line":405,"column":5}}]},"41":{"loc":{"start":{"line":421,"column":4},"end":{"line":423,"column":5}},"type":"if","locations":[{"start":{"line":421,"column":4},"end":{"line":423,"column":5}}]},"42":{"loc":{"start":{"line":437,"column":4},"end":{"line":439,"column":5}},"type":"if","locations":[{"start":{"line":437,"column":4},"end":{"line":439,"column":5}}]},"43":{"loc":{"start":{"line":456,"column":4},"end":{"line":458,"column":5}},"type":"if","locations":[{"start":{"line":456,"column":4},"end":{"line":458,"column":5}}]},"44":{"loc":{"start":{"line":460,"column":4},"end":{"line":462,"column":5}},"type":"if","locations":[{"start":{"line":460,"column":4},"end":{"line":462,"column":5}}]},"45":{"loc":{"start":{"line":476,"column":4},"end":{"line":478,"column":5}},"type":"if","locations":[{"start":{"line":476,"column":4},"end":{"line":478,"column":5}}]},"46":{"loc":{"start":{"line":508,"column":6},"end":{"line":510,"column":7}},"type":"if","locations":[{"start":{"line":508,"column":6},"end":{"line":510,"column":7}}]},"47":{"loc":{"start":{"line":513,"column":4},"end":{"line":518,"column":5}},"type":"if","locations":[{"start":{"line":513,"column":4},"end":{"line":518,"column":5}}]},"48":{"loc":{"start":{"line":515,"column":6},"end":{"line":517,"column":7}},"type":"if","locations":[{"start":{"line":515,"column":6},"end":{"line":517,"column":7}}]},"49":{"loc":{"start":{"line":532,"column":4},"end":{"line":536,"column":5}},"type":"if","locations":[{"start":{"line":532,"column":4},"end":{"line":536,"column":5}}]},"50":{"loc":{"start":{"line":541,"column":4},"end":{"line":547,"column":5}},"type":"if","locations":[{"start":{"line":541,"column":4},"end":{"line":547,"column":5}}]},"51":{"loc":{"start":{"line":559,"column":4},"end":{"line":561,"column":5}},"type":"if","locations":[{"start":{"line":559,"column":4},"end":{"line":561,"column":5}}]},"52":{"loc":{"start":{"line":565,"column":4},"end":{"line":567,"column":5}},"type":"if","locations":[{"start":{"line":565,"column":4},"end":{"line":567,"column":5}}]}},"s":{"0":3,"1":3,"2":3,"3":3,"4":4,"5":4,"6":4,"7":0,"8":4,"9":4,"10":0,"11":4,"12":4,"13":1,"14":3,"15":3,"16":1,"17":2,"18":2,"19":0,"20":2,"21":1,"22":1,"23":1,"24":1,"25":0,"26":0,"27":3,"28":3,"29":1,"30":1,"31":0,"32":1,"33":1,"34":0,"35":1,"36":0,"37":1,"38":0,"39":0,"40":3,"41":3,"42":3,"43":3,"44":3,"45":3,"46":0,"47":3,"48":3,"49":1,"50":2,"51":2,"52":2,"53":2,"54":0,"55":0,"56":0,"57":0,"58":0,"59":0,"60":0,"61":3,"62":3,"63":1,"64":1,"65":1,"66":1,"67":1,"68":1,"69":0,"70":0,"71":0,"72":1,"73":0,"74":0,"75":1,"76":1,"77":1,"78":1,"79":0,"80":0,"81":3,"82":3,"83":0,"84":0,"85":0,"86":0,"87":0,"88":0,"89":0,"90":0,"91":0,"92":0,"93":0,"94":0,"95":0,"96":0,"97":0,"98":0,"99":0,"100":0,"101":0,"102":0,"103":0,"104":0,"105":0,"106":0,"107":0,"108":0,"109":0,"110":0,"111":0,"112":3,"113":3,"114":1,"115":1,"116":1,"117":0,"118":1,"119":1,"120":0,"121":1,"122":0,"123":0,"124":3,"125":3,"126":1,"127":1,"128":1,"129":0,"130":0,"131":3,"132":3,"133":0,"134":0,"135":0,"136":0,"137":0,"138":0,"139":0,"140":0,"141":0,"142":0,"143":3,"144":3,"145":2,"146":2,"147":2,"148":0,"149":2,"150":2,"151":1,"152":1,"153":0,"154":0,"155":3,"156":3,"157":2,"158":2,"159":2,"160":2,"161":0,"162":2,"163":1,"164":1,"165":1,"166":0,"167":1,"168":0,"169":0,"170":3,"171":3,"172":1,"173":1,"174":1,"175":1,"176":1,"177":1,"178":3,"179":3,"180":1,"181":1,"182":1,"183":0,"184":1,"185":1,"186":0,"187":1,"188":0,"189":0,"190":0,"191":0,"192":0,"193":3,"194":3,"195":2,"196":2,"197":2,"198":1,"199":1,"200":1,"201":0,"202":1,"203":0,"204":0,"205":3},"f":{"0":4,"1":1,"2":3,"3":0,"4":1,"5":0,"6":0,"7":0,"8":1,"9":1,"10":0,"11":2,"12":2,"13":1,"14":3,"15":0,"16":2},"b":{"0":[0],"1":[4,4],"2":[0],"3":[1],"4":[1],"5":[0],"6":[1],"7":[2,2],"8":[0,1],"9":[1,0],"10":[0],"11":[0],"12":[0],"13":[0],"14":[1],"15":[0],"16":[0],"17":[0,0],"18":[1,1],"19":[1,1],"20":[0],"21":[1,0],"22":[0],"23":[0],"24":[1,0],"25":[1,0],"26":[0,1],"27":[1,1],"28":[0],"29":[0],"30":[0,0],"31":[0],"32":[0],"33":[0],"34":[0],"35":[0],"36":[0],"37":[0],"38":[0],"39":[0],"40":[0],"41":[0],"42":[1],"43":[0],"44":[1],"45":[0],"46":[3],"47":[1],"48":[0],"49":[0],"50":[0],"51":[1],"52":[0]}}
,"C:\\Projects\\Not-Alone-Backend\\src\\middleware\\auth.ts": {"path":"C:\\Projects\\Not-Alone-Backend\\src\\middleware\\auth.ts","statementMap":{"0":{"start":{"line":2,"column":0},"end":{"line":2,"column":31}},"1":{"start":{"line":3,"column":0},"end":{"line":3,"column":38}},"2":{"start":{"line":4,"column":0},"end":{"line":4,"column":32}},"3":{"start":{"line":19,"column":27},"end":{"line":76,"column":1}},"4":{"start":{"line":24,"column":2},"end":{"line":75,"column":3}},"5":{"start":{"line":25,"column":18},"end":{"line":25,"column":69}},"6":{"start":{"line":27,"column":4},"end":{"line":29,"column":5}},"7":{"start":{"line":28,"column":6},"end":{"line":28,"column":72}},"8":{"start":{"line":31,"column":20},"end":{"line":33,"column":null}},"9":{"start":{"line":40,"column":4},"end":{"line":42,"column":5}},"10":{"start":{"line":41,"column":6},"end":{"line":41,"column":71}},"11":{"start":{"line":44,"column":17},"end":{"line":44,"column":72}},"12":{"start":{"line":45,"column":4},"end":{"line":47,"column":5}},"13":{"start":{"line":46,"column":6},"end":{"line":46,"column":63}},"14":{"start":{"line":50,"column":4},"end":{"line":52,"column":5}},"15":{"start":{"line":51,"column":6},"end":{"line":51,"column":62}},"16":{"start":{"line":55,"column":4},"end":{"line":64,"column":5}},"17":{"start":{"line":56,"column":6},"end":{"line":63,"column":9}},"18":{"start":{"line":66,"column":4},"end":{"line":70,"column":6}},"19":{"start":{"line":72,"column":4},"end":{"line":72,"column":11}},"20":{"start":{"line":74,"column":4},"end":{"line":74,"column":60}},"21":{"start":{"line":19,"column":13},"end":{"line":19,"column":27}},"22":{"start":{"line":79,"column":27},"end":{"line":102,"column":1}},"23":{"start":{"line":80,"column":2},"end":{"line":101,"column":4}},"24":{"start":{"line":81,"column":4},"end":{"line":83,"column":5}},"25":{"start":{"line":82,"column":6},"end":{"line":82,"column":72}},"26":{"start":{"line":86,"column":4},"end":{"line":88,"column":5}},"27":{"start":{"line":87,"column":6},"end":{"line":87,"column":20}},"28":{"start":{"line":91,"column":4},"end":{"line":98,"column":5}},"29":{"start":{"line":92,"column":6},"end":{"line":97,"column":9}},"30":{"start":{"line":100,"column":4},"end":{"line":100,"column":11}},"31":{"start":{"line":79,"column":13},"end":{"line":79,"column":27}},"32":{"start":{"line":105,"column":13},"end":{"line":105,"column":46}},"33":{"start":{"line":106,"column":13},"end":{"line":106,"column":50}},"34":{"start":{"line":107,"column":13},"end":{"line":107,"column":60}},"35":{"start":{"line":108,"column":13},"end":{"line":108,"column":46}},"36":{"start":{"line":109,"column":13},"end":{"line":109,"column":60}},"37":{"start":{"line":110,"column":13},"end":{"line":110,"column":52}},"38":{"start":{"line":113,"column":13},"end":{"line":117,"column":3}},"39":{"start":{"line":118,"column":13},"end":{"line":122,"column":3}},"40":{"start":{"line":123,"column":13},"end":{"line":127,"column":3}},"41":{"start":{"line":130,"column":27},"end":{"line":139,"column":1}},"42":{"start":{"line":131,"column":2},"end":{"line":138,"column":4}},"43":{"start":{"line":130,"column":13},"end":{"line":130,"column":27}}},"fnMap":{"0":{"name":"(anonymous_1)","decl":{"start":{"line":19,"column":27},"end":{"line":19,"column":32}},"loc":{"start":{"line":23,"column":30},"end":{"line":76,"column":1}}},"1":{"name":"(anonymous_2)","decl":{"start":{"line":79,"column":27},"end":{"line":79,"column":28}},"loc":{"start":{"line":79,"column":54},"end":{"line":102,"column":1}}},"2":{"name":"(anonymous_3)","decl":{"start":{"line":80,"column":9},"end":{"line":80,"column":10}},"loc":{"start":{"line":80,"column":78},"end":{"line":101,"column":3}}},"3":{"name":"(anonymous_4)","decl":{"start":{"line":130,"column":27},"end":{"line":130,"column":28}},"loc":{"start":{"line":130,"column":75},"end":{"line":139,"column":1}}}},"branchMap":{"0":{"loc":{"start":{"line":25,"column":18},"end":{"line":25,"column":69}},"type":"cond-expr","locations":[{"start":{"line":25,"column":45},"end":{"line":25,"column":47}},{"start":{"line":25,"column":45},"end":{"line":25,"column":69}}]},"1":{"loc":{"start":{"line":25,"column":18},"end":{"line":25,"column":47}},"type":"binary-expr","locations":[{"start":{"line":25,"column":18},"end":{"line":25,"column":47}},{"start":{"line":25,"column":45},"end":{"line":25,"column":47}}]},"2":{"loc":{"start":{"line":27,"column":4},"end":{"line":29,"column":5}},"type":"if","locations":[{"start":{"line":27,"column":4},"end":{"line":29,"column":5}}]},"3":{"loc":{"start":{"line":33,"column":6},"end":{"line":33,"column":49}},"type":"binary-expr","locations":[{"start":{"line":33,"column":6},"end":{"line":33,"column":28}},{"start":{"line":33,"column":32},"end":{"line":33,"column":49}}]},"4":{"loc":{"start":{"line":40,"column":4},"end":{"line":42,"column":5}},"type":"if","locations":[{"start":{"line":40,"column":4},"end":{"line":42,"column":5}}]},"5":{"loc":{"start":{"line":45,"column":4},"end":{"line":47,"column":5}},"type":"if","locations":[{"start":{"line":45,"column":4},"end":{"line":47,"column":5}}]},"6":{"loc":{"start":{"line":50,"column":4},"end":{"line":52,"column":5}},"type":"if","locations":[{"start":{"line":50,"column":4},"end":{"line":52,"column":5}}]},"7":{"loc":{"start":{"line":55,"column":4},"end":{"line":64,"column":5}},"type":"if","locations":[{"start":{"line":55,"column":4},"end":{"line":64,"column":5}}]},"8":{"loc":{"start":{"line":55,"column":8},"end":{"line":55,"column":67}},"type":"binary-expr","locations":[{"start":{"line":55,"column":8},"end":{"line":55,"column":29}},{"start":{"line":55,"column":33},"end":{"line":55,"column":67}}]},"9":{"loc":{"start":{"line":60,"column":10},"end":{"line":62,"column":48}},"type":"cond-expr","locations":[{"start":{"line":61,"column":14},"end":{"line":61,"column":31}},{"start":{"line":62,"column":14},"end":{"line":62,"column":48}}]},"10":{"loc":{"start":{"line":81,"column":4},"end":{"line":83,"column":5}},"type":"if","locations":[{"start":{"line":81,"column":4},"end":{"line":83,"column":5}}]},"11":{"loc":{"start":{"line":86,"column":4},"end":{"line":88,"column":5}},"type":"if","locations":[{"start":{"line":86,"column":4},"end":{"line":88,"column":5}}]},"12":{"loc":{"start":{"line":91,"column":4},"end":{"line":98,"column":5}},"type":"if","locations":[{"start":{"line":91,"column":4},"end":{"line":98,"column":5}}]},"13":{"loc":{"start":{"line":136,"column":4},"end":{"line":136,"column":47}},"type":"binary-expr","locations":[{"start":{"line":136,"column":4},"end":{"line":136,"column":26}},{"start":{"line":136,"column":30},"end":{"line":136,"column":47}}]}},"s":{"0":3,"1":3,"2":3,"3":3,"4":16,"5":16,"6":16,"7":2,"8":14,"9":14,"10":0,"11":14,"12":14,"13":0,"14":14,"15":0,"16":14,"17":2,"18":12,"19":12,"20":0,"21":3,"22":3,"23":33,"24":9,"25":0,"26":9,"27":9,"28":0,"29":0,"30":0,"31":3,"32":3,"33":3,"34":3,"35":3,"36":3,"37":3,"38":3,"39":3,"40":3,"41":3,"42":0,"43":3},"f":{"0":16,"1":33,"2":9,"3":0},"b":{"0":[2,14],"1":[16,16],"2":[2],"3":[14,0],"4":[0],"5":[0],"6":[0],"7":[2],"8":[14,5],"9":[0,2],"10":[0],"11":[9],"12":[0],"13":[0,0]}}
,"C:\\Projects\\Not-Alone-Backend\\src\\middleware\\security.ts": {"path":"C:\\Projects\\Not-Alone-Backend\\src\\middleware\\security.ts","statementMap":{"0":{"start":{"line":1,"column":0},"end":{"line":1,"column":43}},"1":{"start":{"line":2,"column":0},"end":{"line":2,"column":59}},"2":{"start":{"line":4,"column":0},"end":{"line":4,"column":46}},"3":{"start":{"line":7,"column":13},"end":{"line":11,"column":3}},"4":{"start":{"line":13,"column":13},"end":{"line":17,"column":3}},"5":{"start":{"line":19,"column":13},"end":{"line":23,"column":3}},"6":{"start":{"line":26,"column":13},"end":{"line":30,"column":2}},"7":{"start":{"line":32,"column":13},"end":{"line":52,"column":2}},"8":{"start":{"line":54,"column":13},"end":{"line":62,"column":2}},"9":{"start":{"line":70,"column":17},"end":{"line":70,"column":38}},"10":{"start":{"line":71,"column":2},"end":{"line":73,"column":3}},"11":{"start":{"line":72,"column":4},"end":{"line":72,"column":60}},"12":{"start":{"line":74,"column":2},"end":{"line":74,"column":16}},"13":{"start":{"line":78,"column":24},"end":{"line":114,"column":1}},"14":{"start":{"line":79,"column":2},"end":{"line":113,"column":4}},"15":{"start":{"line":84,"column":25},"end":{"line":84,"column":33}},"16":{"start":{"line":85,"column":4},"end":{"line":111,"column":6}},"17":{"start":{"line":86,"column":6},"end":{"line":86,"column":30}},"18":{"start":{"line":88,"column":6},"end":{"line":109,"column":7}},"19":{"start":{"line":89,"column":8},"end":{"line":108,"column":9}},"20":{"start":{"line":90,"column":31},"end":{"line":96,"column":12}},"21":{"start":{"line":99,"column":10},"end":{"line":101,"column":11}},"22":{"start":{"line":100,"column":12},"end":{"line":100,"column":45}},"23":{"start":{"line":103,"column":10},"end":{"line":105,"column":13}},"24":{"start":{"line":104,"column":12},"end":{"line":104,"column":53}},"25":{"start":{"line":107,"column":10},"end":{"line":107,"column":51}},"26":{"start":{"line":110,"column":6},"end":{"line":110,"column":43}},"27":{"start":{"line":112,"column":4},"end":{"line":112,"column":11}},"28":{"start":{"line":78,"column":13},"end":{"line":78,"column":24}}},"fnMap":{"0":{"name":"validateRequest","decl":{"start":{"line":65,"column":9},"end":{"line":65,"column":24}},"loc":{"start":{"line":68,"column":20},"end":{"line":75,"column":1}}},"1":{"name":"(anonymous_2)","decl":{"start":{"line":78,"column":24},"end":{"line":78,"column":25}},"loc":{"start":{"line":78,"column":43},"end":{"line":114,"column":1}}},"2":{"name":"(anonymous_3)","decl":{"start":{"line":79,"column":9},"end":{"line":79,"column":14}},"loc":{"start":{"line":83,"column":21},"end":{"line":113,"column":3}}},"3":{"name":"(anonymous_4)","decl":{"start":{"line":85,"column":15},"end":{"line":85,"column":25}},"loc":{"start":{"line":85,"column":34},"end":{"line":111,"column":5}}},"4":{"name":"(anonymous_5)","decl":{"start":{"line":103,"column":41},"end":{"line":103,"column":42}},"loc":{"start":{"line":103,"column":51},"end":{"line":105,"column":11}}}},"branchMap":{"0":{"loc":{"start":{"line":9,"column":7},"end":{"line":9,"column":48}},"type":"cond-expr","locations":[{"start":{"line":9,"column":41},"end":{"line":9,"column":44}},{"start":{"line":9,"column":47},"end":{"line":9,"column":48}}]},"1":{"loc":{"start":{"line":15,"column":7},"end":{"line":15,"column":48}},"type":"cond-expr","locations":[{"start":{"line":15,"column":41},"end":{"line":15,"column":44}},{"start":{"line":15,"column":47},"end":{"line":15,"column":48}}]},"2":{"loc":{"start":{"line":21,"column":7},"end":{"line":21,"column":49}},"type":"cond-expr","locations":[{"start":{"line":21,"column":41},"end":{"line":21,"column":44}},{"start":{"line":21,"column":47},"end":{"line":21,"column":49}}]},"3":{"loc":{"start":{"line":71,"column":2},"end":{"line":73,"column":3}},"type":"if","locations":[{"start":{"line":71,"column":2},"end":{"line":73,"column":3}}]},"4":{"loc":{"start":{"line":88,"column":6},"end":{"line":109,"column":7}},"type":"if","locations":[{"start":{"line":88,"column":6},"end":{"line":109,"column":7}}]},"5":{"loc":{"start":{"line":88,"column":10},"end":{"line":88,"column":55}},"type":"binary-expr","locations":[{"start":{"line":88,"column":10},"end":{"line":88,"column":31}},{"start":{"line":88,"column":35},"end":{"line":88,"column":55}}]},"6":{"loc":{"start":{"line":99,"column":10},"end":{"line":101,"column":11}},"type":"if","locations":[{"start":{"line":99,"column":10},"end":{"line":101,"column":11}}]},"7":{"loc":{"start":{"line":99,"column":14},"end":{"line":99,"column":65}},"type":"binary-expr","locations":[{"start":{"line":99,"column":14},"end":{"line":99,"column":30}},{"start":{"line":99,"column":34},"end":{"line":99,"column":65}}]},"8":{"loc":{"start":{"line":99,"column":14},"end":{"line":99,"column":30}},"type":"cond-expr","locations":[{"start":{"line":99,"column":22},"end":{"line":99,"column":24}},{"start":{"line":99,"column":22},"end":{"line":99,"column":30}}]},"9":{"loc":{"start":{"line":99,"column":14},"end":{"line":99,"column":24}},"type":"binary-expr","locations":[{"start":{"line":99,"column":14},"end":{"line":99,"column":24}},{"start":{"line":99,"column":22},"end":{"line":99,"column":24}}]}},"s":{"0":3,"1":3,"2":3,"3":3,"4":3,"5":3,"6":3,"7":3,"8":3,"9":12,"10":12,"11":4,"12":8,"13":3,"14":33,"15":18,"16":18,"17":18,"18":18,"19":11,"20":11,"21":11,"22":8,"23":11,"24":0,"25":0,"26":18,"27":18,"28":3},"f":{"0":12,"1":33,"2":18,"3":18,"4":0},"b":{"0":[3,0],"1":[3,0],"2":[3,0],"3":[4],"4":[11],"5":[18,18],"6":[8],"7":[11,8],"8":[3,8],"9":[11,11]}}
,"C:\\Projects\\Not-Alone-Backend\\src\\models\\AuditLog.ts": {"path":"C:\\Projects\\Not-Alone-Backend\\src\\models\\AuditLog.ts","statementMap":{"0":{"start":{"line":1,"column":0},"end":{"line":1,"column":54}},"1":{"start":{"line":13,"column":23},"end":{"line":47,"column":2}},"2":{"start":{"line":50,"column":0},"end":{"line":50,"column":51}},"3":{"start":{"line":51,"column":0},"end":{"line":51,"column":51}},"4":{"start":{"line":53,"column":13},"end":{"line":53,"column":77}}},"fnMap":{},"branchMap":{},"s":{"0":3,"1":3,"2":3,"3":3,"4":3},"f":{},"b":{}}
,"C:\\Projects\\Not-Alone-Backend\\src\\models\\User.ts": {"path":"C:\\Projects\\Not-Alone-Backend\\src\\models\\User.ts","statementMap":{"0":{"start":{"line":1,"column":0},"end":{"line":1,"column":54}},"1":{"start":{"line":2,"column":0},"end":{"line":2,"column":30}},"2":{"start":{"line":3,"column":0},"end":{"line":3,"column":28}},"3":{"start":{"line":4,"column":0},"end":{"line":4,"column":16}},"4":{"start":{"line":27,"column":19},"end":{"line":103,"column":null}},"5":{"start":{"line":107,"column":0},"end":{"line":120,"column":3}},"6":{"start":{"line":108,"column":2},"end":{"line":108,"column":50}},"7":{"start":{"line":108,"column":36},"end":{"line":108,"column":50}},"8":{"start":{"line":110,"column":2},"end":{"line":119,"column":3}},"9":{"start":{"line":111,"column":17},"end":{"line":111,"column":41}},"10":{"start":{"line":112,"column":4},"end":{"line":115,"column":6}},"11":{"start":{"line":116,"column":4},"end":{"line":116,"column":11}},"12":{"start":{"line":118,"column":4},"end":{"line":118,"column":25}},"13":{"start":{"line":123,"column":0},"end":{"line":130,"column":2}},"14":{"start":{"line":126,"column":2},"end":{"line":129,"column":4}},"15":{"start":{"line":132,"column":13},"end":{"line":132,"column":61}}},"fnMap":{"0":{"name":"(anonymous_10)","decl":{"start":{"line":107,"column":23},"end":{"line":107,"column":28}},"loc":{"start":{"line":107,"column":43},"end":{"line":120,"column":1}}},"1":{"name":"(anonymous_11)","decl":{"start":{"line":123,"column":37},"end":{"line":123,"column":42}},"loc":{"start":{"line":124,"column":27},"end":{"line":130,"column":1}}}},"branchMap":{"0":{"loc":{"start":{"line":108,"column":2},"end":{"line":108,"column":50}},"type":"if","locations":[{"start":{"line":108,"column":2},"end":{"line":108,"column":50}}]}},"s":{"0":3,"1":3,"2":3,"3":3,"4":3,"5":3,"6":39,"7":0,"8":39,"9":39,"10":39,"11":39,"12":0,"13":3,"14":3,"15":3},"f":{"0":39,"1":3},"b":{"0":[0]}}
,"C:\\Projects\\Not-Alone-Backend\\src\\routes\\userRoutes.ts": {"path":"C:\\Projects\\Not-Alone-Backend\\src\\routes\\userRoutes.ts","statementMap":{"0":{"start":{"line":1,"column":0},"end":{"line":1,"column":30}},"1":{"start":{"line":2,"column":0},"end":{"line":2,"column":null}},"2":{"start":{"line":16,"column":0},"end":{"line":16,"column":71}},"3":{"start":{"line":17,"column":0},"end":{"line":17,"column":null}},"4":{"start":{"line":27,"column":15},"end":{"line":27,"column":31}},"5":{"start":{"line":30,"column":0},"end":{"line":36,"column":2}},"6":{"start":{"line":37,"column":0},"end":{"line":43,"column":2}},"7":{"start":{"line":44,"column":0},"end":{"line":44,"column":64}},"8":{"start":{"line":47,"column":0},"end":{"line":47,"column":24}},"9":{"start":{"line":50,"column":0},"end":{"line":50,"column":59}},"10":{"start":{"line":51,"column":0},"end":{"line":56,"column":2}},"11":{"start":{"line":59,"column":0},"end":{"line":59,"column":75}},"12":{"start":{"line":60,"column":0},"end":{"line":60,"column":76}},"13":{"start":{"line":61,"column":0},"end":{"line":61,"column":67}},"14":{"start":{"line":62,"column":0},"end":{"line":62,"column":67}},"15":{"start":{"line":65,"column":0},"end":{"line":70,"column":2}},"16":{"start":{"line":71,"column":0},"end":{"line":77,"column":2}},"17":{"start":{"line":78,"column":0},"end":{"line":78,"column":68}},"18":{"start":{"line":80,"column":0},"end":{"line":80,"column":22}}},"fnMap":{},"branchMap":{},"s":{"0":3,"1":3,"2":3,"3":3,"4":3,"5":3,"6":3,"7":3,"8":3,"9":3,"10":3,"11":3,"12":3,"13":3,"14":3,"15":3,"16":3,"17":3,"18":3},"f":{},"b":{}}
,"C:\\Projects\\Not-Alone-Backend\\src\\utils\\validateEnv.ts": {"path":"C:\\Projects\\Not-Alone-Backend\\src\\utils\\validateEnv.ts","statementMap":{"0":{"start":{"line":1,"column":0},"end":{"line":1,"column":16}},"1":{"start":{"line":2,"column":19},"end":{"line":2,"column":64}},"2":{"start":{"line":3,"column":18},"end":{"line":3,"column":61}},"3":{"start":{"line":3,"column":43},"end":{"line":3,"column":60}},"4":{"start":{"line":5,"column":2},"end":{"line":9,"column":3}},"5":{"start":{"line":6,"column":4},"end":{"line":8,"column":6}}},"fnMap":{"0":{"name":"validateEnv","decl":{"start":{"line":1,"column":16},"end":{"line":1,"column":27}},"loc":{"start":{"line":1,"column":27},"end":{"line":10,"column":1}}},"1":{"name":"(anonymous_1)","decl":{"start":{"line":3,"column":34},"end":{"line":3,"column":35}},"loc":{"start":{"line":3,"column":43},"end":{"line":3,"column":60}}}},"branchMap":{"0":{"loc":{"start":{"line":5,"column":2},"end":{"line":9,"column":3}},"type":"if","locations":[{"start":{"line":5,"column":2},"end":{"line":9,"column":3}}]}},"s":{"0":3,"1":3,"2":3,"3":9,"4":3,"5":0},"f":{"0":3,"1":9},"b":{"0":[0]}}
,"C:\\Projects\\Not-Alone-Backend\\tests\\helpers.ts": {"path":"C:\\Projects\\Not-Alone-Backend\\tests\\helpers.ts","statementMap":{"0":{"start":{"line":1,"column":0},"end":{"line":1,"column":42}},"1":{"start":{"line":2,"column":0},"end":{"line":2,"column":31}},"2":{"start":{"line":4,"column":30},"end":{"line":17,"column":1}},"3":{"start":{"line":5,"column":15},"end":{"line":15,"column":4}},"4":{"start":{"line":16,"column":2},"end":{"line":16,"column":14}},"5":{"start":{"line":4,"column":13},"end":{"line":4,"column":30}},"6":{"start":{"line":19,"column":33},"end":{"line":25,"column":1}},"7":{"start":{"line":20,"column":2},"end":{"line":24,"column":4}},"8":{"start":{"line":19,"column":13},"end":{"line":19,"column":33}},"9":{"start":{"line":27,"column":31},"end":{"line":39,"column":1}},"10":{"start":{"line":28,"column":16},"end":{"line":37,"column":4}},"11":{"start":{"line":38,"column":2},"end":{"line":38,"column":15}},"12":{"start":{"line":27,"column":13},"end":{"line":27,"column":31}}},"fnMap":{"0":{"name":"(anonymous_1)","decl":{"start":{"line":4,"column":30},"end":{"line":4,"column":35}},"loc":{"start":{"line":4,"column":54},"end":{"line":17,"column":1}}},"1":{"name":"(anonymous_2)","decl":{"start":{"line":19,"column":33},"end":{"line":19,"column":34}},"loc":{"start":{"line":19,"column":70},"end":{"line":25,"column":1}}},"2":{"name":"(anonymous_3)","decl":{"start":{"line":27,"column":31},"end":{"line":27,"column":36}},"loc":{"start":{"line":27,"column":42},"end":{"line":39,"column":1}}}},"branchMap":{"0":{"loc":{"start":{"line":4,"column":37},"end":{"line":4,"column":50}},"type":"default-arg","locations":[{"start":{"line":4,"column":48},"end":{"line":4,"column":50}}]},"1":{"loc":{"start":{"line":19,"column":50},"end":{"line":19,"column":66}},"type":"default-arg","locations":[{"start":{"line":19,"column":57},"end":{"line":19,"column":66}}]},"2":{"loc":{"start":{"line":22,"column":4},"end":{"line":22,"column":47}},"type":"binary-expr","locations":[{"start":{"line":22,"column":4},"end":{"line":22,"column":26}},{"start":{"line":22,"column":30},"end":{"line":22,"column":47}}]}},"s":{"0":2,"1":2,"2":2,"3":16,"4":16,"5":2,"6":2,"7":20,"8":2,"9":2,"10":16,"11":16,"12":2},"f":{"0":16,"1":20,"2":16},"b":{"0":[0],"1":[2],"2":[20,0]}}
}
