TN:
SF:src\index.ts
FN:40,(anonymous_1)
FN:51,(anonymous_2)
FN:64,(anonymous_3)
FN:82,(anonymous_4)
FN:91,(anonymous_5)
FN:95,(anonymous_6)
FN:97,(anonymous_7)
FN:98,(anonymous_8)
FN:111,(anonymous_9)
FN:112,(anonymous_10)
FN:117,(anonymous_11)
FN:119,(anonymous_12)
FN:121,(anonymous_13)
FN:127,(anonymous_14)
FNF:14
FNH:1
FNDA:26,(anonymous_1)
FNDA:0,(anonymous_2)
FNDA:0,(anonymous_3)
FNDA:0,(anonymous_4)
FNDA:0,(anonymous_5)
FNDA:0,(anonymous_6)
FNDA:0,(anonymous_7)
FNDA:0,(anonymous_8)
FNDA:0,(anonymous_9)
FNDA:0,(anonymous_10)
FNDA:0,(anonymous_11)
FNDA:0,(anonymous_12)
FNDA:0,(anonymous_13)
FNDA:0,(anonymous_14)
DA:1,3
DA:2,3
DA:3,3
DA:4,3
DA:5,3
DA:6,3
DA:7,3
DA:8,3
DA:9,3
DA:13,3
DA:14,3
DA:17,3
DA:18,3
DA:21,3
DA:22,3
DA:32,3
DA:33,3
DA:34,3
DA:37,3
DA:40,3
DA:41,26
DA:42,26
DA:43,26
DA:44,26
DA:48,3
DA:51,3
DA:52,0
DA:54,0
DA:57,0
DA:64,3
DA:66,0
DA:70,0
DA:71,0
DA:74,0
DA:75,0
DA:76,0
DA:78,0
DA:79,0
DA:82,0
DA:83,0
DA:85,0
DA:86,0
DA:91,3
DA:92,0
DA:95,3
DA:96,0
DA:97,0
DA:98,0
DA:99,0
DA:100,0
DA:103,0
DA:108,3
DA:109,0
DA:110,0
DA:112,0
DA:113,0
DA:117,0
DA:118,0
DA:119,0
DA:120,0
DA:121,0
DA:122,0
DA:128,0
DA:129,0
DA:133,3
LF:65
LH:31
BRDA:24,0,0,3
BRDA:24,0,1,3
BRDA:54,1,0,0
BRDA:54,1,1,0
BRDA:59,2,0,0
BRDA:59,2,1,0
BRDA:64,3,0,0
BRDA:66,4,0,0
BRDA:66,4,1,0
BRDA:70,5,0,0
BRDA:78,6,0,0
BRDA:92,7,0,0
BRDA:92,7,1,0
BRDA:96,8,0,0
BRDA:99,9,0,0
BRDA:99,9,1,0
BRDA:108,10,0,0
BRDA:109,11,0,0
BRDA:109,11,1,0
BRF:19
BRH:2
end_of_record
TN:
SF:src\controllers\userController.ts
FN:28,(anonymous_1)
FN:117,(anonymous_2)
FN:148,(anonymous_3)
FN:184,(anonymous_4)
FN:198,(anonymous_5)
FN:265,(anonymous_6)
FN:299,(anonymous_7)
FN:335,(anonymous_8)
FN:344,(anonymous_9)
FN:368,(anonymous_10)
FN:385,(anonymous_11)
FN:414,(anonymous_12)
FN:448,(anonymous_13)
FN:488,(anonymous_14)
FN:507,(anonymous_15)
FN:543,(anonymous_16)
FN:552,(anonymous_17)
FNF:17
FNH:11
FNDA:4,(anonymous_1)
FNDA:1,(anonymous_2)
FNDA:3,(anonymous_3)
FNDA:0,(anonymous_4)
FNDA:1,(anonymous_5)
FNDA:0,(anonymous_6)
FNDA:0,(anonymous_7)
FNDA:0,(anonymous_8)
FNDA:1,(anonymous_9)
FNDA:1,(anonymous_10)
FNDA:0,(anonymous_11)
FNDA:2,(anonymous_12)
FNDA:2,(anonymous_13)
FNDA:1,(anonymous_14)
FNDA:3,(anonymous_15)
FNDA:0,(anonymous_16)
FNDA:2,(anonymous_17)
DA:2,3
DA:3,3
DA:4,3
DA:28,3
DA:32,4
DA:33,4
DA:35,4
DA:36,0
DA:41,4
DA:42,4
DA:43,0
DA:48,4
DA:50,4
DA:51,1
DA:54,3
DA:55,3
DA:56,1
DA:59,2
DA:67,2
DA:68,0
DA:72,2
DA:73,1
DA:83,1
DA:95,1
DA:97,1
DA:112,0
DA:113,0
DA:117,3
DA:121,1
DA:122,1
DA:123,0
DA:126,1
DA:130,1
DA:131,0
DA:134,1
DA:135,0
DA:140,1
DA:142,0
DA:143,0
DA:148,3
DA:152,3
DA:153,3
DA:156,3
DA:157,3
DA:158,0
DA:164,3
DA:168,3
DA:169,1
DA:175,2
DA:176,2
DA:177,2
DA:179,2
DA:181,0
DA:182,0
DA:183,0
DA:184,0
DA:189,0
DA:190,0
DA:194,0
DA:198,3
DA:202,1
DA:203,1
DA:204,1
DA:205,1
DA:207,1
DA:208,1
DA:209,0
DA:216,0
DA:217,0
DA:221,1
DA:222,0
DA:223,0
DA:230,1
DA:245,1
DA:246,1
DA:248,1
DA:258,0
DA:259,0
DA:265,3
DA:269,0
DA:270,0
DA:271,0
DA:273,0
DA:274,0
DA:277,0
DA:278,0
DA:279,0
DA:280,0
DA:285,0
DA:294,0
DA:295,0
DA:298,0
DA:299,0
DA:300,0
DA:301,0
DA:305,0
DA:306,0
DA:307,0
DA:308,0
DA:312,0
DA:324,0
DA:325,0
DA:330,0
DA:332,0
DA:333,0
DA:334,0
DA:335,0
DA:340,0
DA:344,3
DA:348,1
DA:349,1
DA:351,1
DA:352,0
DA:355,1
DA:356,1
DA:357,0
DA:360,1
DA:362,0
DA:363,0
DA:368,3
DA:372,1
DA:373,1
DA:378,1
DA:380,0
DA:381,0
DA:385,3
DA:389,0
DA:390,0
DA:392,0
DA:393,0
DA:396,0
DA:403,0
DA:404,0
DA:407,0
DA:409,0
DA:410,0
DA:414,3
DA:418,2
DA:419,2
DA:421,2
DA:422,0
DA:425,2
DA:437,2
DA:438,1
DA:441,1
DA:443,0
DA:444,0
DA:448,3
DA:452,2
DA:453,2
DA:454,2
DA:456,2
DA:457,0
DA:460,2
DA:461,1
DA:464,1
DA:476,1
DA:477,0
DA:480,1
DA:482,0
DA:483,0
DA:488,3
DA:492,1
DA:493,1
DA:494,1
DA:496,1
DA:506,1
DA:507,1
DA:508,3
DA:509,3
DA:513,1
DA:514,1
DA:515,1
DA:516,0
DA:520,1
DA:532,1
DA:533,0
DA:538,1
DA:540,0
DA:541,0
DA:542,0
DA:543,0
DA:548,0
DA:552,3
DA:556,2
DA:557,2
DA:559,2
DA:560,1
DA:563,1
DA:565,1
DA:566,0
DA:569,1
DA:571,0
DA:572,0
LF:194
LH:107
BRDA:35,0,0,0
BRDA:35,1,0,4
BRDA:35,1,1,4
BRDA:42,2,0,0
BRDA:50,3,0,1
BRDA:55,4,0,1
BRDA:67,5,0,0
BRDA:72,6,0,1
BRDA:72,7,0,2
BRDA:72,7,1,2
BRDA:77,8,0,0
BRDA:77,8,1,1
BRDA:88,9,0,1
BRDA:88,9,1,0
BRDA:122,10,0,0
BRDA:130,11,0,0
BRDA:134,12,0,0
BRDA:157,13,0,0
BRDA:168,14,0,1
BRDA:182,15,0,0
BRDA:189,16,0,0
BRDA:189,17,0,0
BRDA:189,17,1,0
BRDA:203,18,0,1
BRDA:203,18,1,1
BRDA:204,19,0,1
BRDA:204,19,1,1
BRDA:208,20,0,0
BRDA:208,21,0,1
BRDA:208,21,1,0
BRDA:216,22,0,0
BRDA:221,23,0,0
BRDA:221,24,0,1
BRDA:221,24,1,0
BRDA:246,25,0,1
BRDA:246,25,1,0
BRDA:246,26,0,0
BRDA:246,26,1,1
BRDA:246,27,0,1
BRDA:246,27,1,1
BRDA:273,28,0,0
BRDA:279,29,0,0
BRDA:279,30,0,0
BRDA:279,30,1,0
BRDA:294,31,0,0
BRDA:300,32,0,0
BRDA:305,33,0,0
BRDA:307,34,0,0
BRDA:324,35,0,0
BRDA:333,36,0,0
BRDA:351,37,0,0
BRDA:356,38,0,0
BRDA:392,39,0,0
BRDA:403,40,0,0
BRDA:421,41,0,0
BRDA:437,42,0,1
BRDA:456,43,0,0
BRDA:460,44,0,1
BRDA:476,45,0,0
BRDA:508,46,0,3
BRDA:513,47,0,1
BRDA:515,48,0,0
BRDA:532,49,0,0
BRDA:541,50,0,0
BRDA:559,51,0,1
BRDA:565,52,0,0
BRF:66
BRH:25
end_of_record
TN:
SF:src\middleware\auth.ts
FN:19,(anonymous_1)
FN:79,(anonymous_2)
FN:80,(anonymous_3)
FN:130,(anonymous_4)
FNF:4
FNH:3
FNDA:16,(anonymous_1)
FNDA:33,(anonymous_2)
FNDA:9,(anonymous_3)
FNDA:0,(anonymous_4)
DA:2,3
DA:3,3
DA:4,3
DA:19,3
DA:24,16
DA:25,16
DA:27,16
DA:28,2
DA:31,14
DA:40,14
DA:41,0
DA:44,14
DA:45,14
DA:46,0
DA:50,14
DA:51,0
DA:55,14
DA:56,2
DA:66,12
DA:72,12
DA:74,0
DA:79,3
DA:80,33
DA:81,9
DA:82,0
DA:86,9
DA:87,9
DA:91,0
DA:92,0
DA:100,0
DA:105,3
DA:106,3
DA:107,3
DA:108,3
DA:109,3
DA:110,3
DA:113,3
DA:118,3
DA:123,3
DA:130,3
DA:131,0
LF:41
LH:32
BRDA:25,0,0,2
BRDA:25,0,1,14
BRDA:25,1,0,16
BRDA:25,1,1,16
BRDA:27,2,0,2
BRDA:33,3,0,14
BRDA:33,3,1,0
BRDA:40,4,0,0
BRDA:45,5,0,0
BRDA:50,6,0,0
BRDA:55,7,0,2
BRDA:55,8,0,14
BRDA:55,8,1,5
BRDA:60,9,0,0
BRDA:60,9,1,2
BRDA:81,10,0,0
BRDA:86,11,0,9
BRDA:91,12,0,0
BRDA:136,13,0,0
BRDA:136,13,1,0
BRF:20
BRH:11
end_of_record
TN:
SF:src\middleware\security.ts
FN:65,validateRequest
FN:78,(anonymous_2)
FN:79,(anonymous_3)
FN:85,(anonymous_4)
FN:103,(anonymous_5)
FNF:5
FNH:4
FNDA:12,validateRequest
FNDA:33,(anonymous_2)
FNDA:18,(anonymous_3)
FNDA:18,(anonymous_4)
FNDA:0,(anonymous_5)
DA:1,3
DA:2,3
DA:4,3
DA:7,3
DA:13,3
DA:19,3
DA:26,3
DA:32,3
DA:54,3
DA:70,12
DA:71,12
DA:72,4
DA:74,8
DA:78,3
DA:79,33
DA:84,18
DA:85,18
DA:86,18
DA:88,18
DA:89,11
DA:90,11
DA:99,11
DA:100,8
DA:103,11
DA:104,0
DA:107,0
DA:110,18
DA:112,18
LF:28
LH:26
BRDA:9,0,0,3
BRDA:9,0,1,0
BRDA:15,1,0,3
BRDA:15,1,1,0
BRDA:21,2,0,3
BRDA:21,2,1,0
BRDA:71,3,0,4
BRDA:88,4,0,11
BRDA:88,5,0,18
BRDA:88,5,1,18
BRDA:99,6,0,8
BRDA:99,7,0,11
BRDA:99,7,1,8
BRDA:99,8,0,3
BRDA:99,8,1,8
BRDA:99,9,0,11
BRDA:99,9,1,11
BRF:17
BRH:14
end_of_record
TN:
SF:src\models\AuditLog.ts
FNF:0
FNH:0
DA:1,3
DA:13,3
DA:50,3
DA:51,3
DA:53,3
LF:5
LH:5
BRF:0
BRH:0
end_of_record
TN:
SF:src\models\User.ts
FN:107,(anonymous_10)
FN:123,(anonymous_11)
FNF:2
FNH:2
FNDA:39,(anonymous_10)
FNDA:3,(anonymous_11)
DA:1,3
DA:2,3
DA:3,3
DA:4,3
DA:27,3
DA:107,3
DA:108,39
DA:110,39
DA:111,39
DA:112,39
DA:116,39
DA:118,0
DA:123,3
DA:126,3
DA:132,3
LF:15
LH:14
BRDA:108,0,0,0
BRF:1
BRH:0
end_of_record
TN:
SF:src\routes\userRoutes.ts
FNF:0
FNH:0
DA:1,3
DA:2,3
DA:16,3
DA:17,3
DA:27,3
DA:30,3
DA:37,3
DA:44,3
DA:47,3
DA:50,3
DA:51,3
DA:59,3
DA:60,3
DA:61,3
DA:62,3
DA:65,3
DA:71,3
DA:78,3
DA:80,3
LF:19
LH:19
BRF:0
BRH:0
end_of_record
TN:
SF:src\utils\validateEnv.ts
FN:1,validateEnv
FN:3,(anonymous_1)
FNF:2
FNH:2
FNDA:3,validateEnv
FNDA:9,(anonymous_1)
DA:1,3
DA:2,3
DA:3,9
DA:5,3
DA:6,0
LF:5
LH:4
BRDA:5,0,0,0
BRF:1
BRH:0
end_of_record
TN:
SF:tests\helpers.ts
FN:4,(anonymous_1)
FN:19,(anonymous_2)
FN:27,(anonymous_3)
FNF:3
FNH:3
FNDA:16,(anonymous_1)
FNDA:20,(anonymous_2)
FNDA:16,(anonymous_3)
DA:1,2
DA:2,2
DA:4,2
DA:5,16
DA:16,16
DA:19,2
DA:20,20
DA:27,2
DA:28,16
DA:38,16
LF:10
LH:10
BRDA:4,0,0,0
BRDA:19,1,0,2
BRDA:22,2,0,20
BRDA:22,2,1,0
BRF:4
BRH:2
end_of_record
