TN:
SF:src\index.ts
FN:37,(anonymous_1)
FN:49,(anonymous_2)
FN:68,(anonymous_3)
FN:86,(anonymous_4)
FN:98,(anonymous_5)
FN:99,(anonymous_6)
FN:104,(anonymous_7)
FN:106,(anonymous_8)
FN:108,(anonymous_9)
FN:114,(anonymous_10)
FNF:10
FNH:1
FNDA:26,(anonymous_1)
FNDA:0,(anonymous_2)
FNDA:0,(anonymous_3)
FNDA:0,(anonymous_4)
FNDA:0,(anonymous_5)
FNDA:0,(anonymous_6)
FNDA:0,(anonymous_7)
FNDA:0,(anonymous_8)
FNDA:0,(anonymous_9)
FNDA:0,(anonymous_10)
DA:1,3
DA:2,3
DA:3,3
DA:4,3
DA:5,3
DA:6,3
DA:7,3
DA:8,3
DA:9,3
DA:12,3
DA:13,3
DA:15,3
DA:18,3
DA:19,3
DA:29,3
DA:30,3
DA:31,3
DA:34,3
DA:37,3
DA:38,26
DA:39,26
DA:40,26
DA:41,26
DA:45,3
DA:48,3
DA:55,0
DA:57,0
DA:60,0
DA:68,3
DA:70,0
DA:74,0
DA:75,0
DA:78,0
DA:79,0
DA:80,0
DA:82,0
DA:83,0
DA:86,0
DA:87,0
DA:89,0
DA:90,0
DA:95,3
DA:96,0
DA:97,0
DA:99,0
DA:100,0
DA:104,0
DA:105,0
DA:106,0
DA:107,0
DA:108,0
DA:109,0
DA:115,0
DA:116,0
LF:54
LH:27
BRDA:21,0,0,3
BRDA:21,0,1,3
BRDA:57,1,0,0
BRDA:57,1,1,0
BRDA:62,2,0,0
BRDA:62,2,1,0
BRDA:68,3,0,0
BRDA:70,4,0,0
BRDA:70,4,1,0
BRDA:74,5,0,0
BRDA:82,6,0,0
BRDA:95,7,0,0
BRDA:96,8,0,0
BRDA:96,8,1,0
BRF:14
BRH:2
end_of_record
TN:
SF:src\controllers\userController.ts
FN:28,(anonymous_1)
FN:114,(anonymous_2)
FN:145,(anonymous_3)
FN:180,(anonymous_4)
FN:189,(anonymous_5)
FN:248,(anonymous_6)
FN:287,(anonymous_7)
FN:339,(anonymous_8)
FN:348,(anonymous_9)
FN:375,(anonymous_10)
FN:392,(anonymous_11)
FN:424,(anonymous_12)
FN:458,(anonymous_13)
FN:498,(anonymous_14)
FN:517,(anonymous_15)
FN:555,(anonymous_16)
FN:564,(anonymous_17)
FNF:17
FNH:11
FNDA:4,(anonymous_1)
FNDA:1,(anonymous_2)
FNDA:3,(anonymous_3)
FNDA:0,(anonymous_4)
FNDA:1,(anonymous_5)
FNDA:0,(anonymous_6)
FNDA:0,(anonymous_7)
FNDA:0,(anonymous_8)
FNDA:1,(anonymous_9)
FNDA:1,(anonymous_10)
FNDA:0,(anonymous_11)
FNDA:2,(anonymous_12)
FNDA:2,(anonymous_13)
FNDA:1,(anonymous_14)
FNDA:3,(anonymous_15)
FNDA:0,(anonymous_16)
FNDA:2,(anonymous_17)
DA:2,3
DA:3,3
DA:4,3
DA:28,3
DA:32,4
DA:33,4
DA:35,4
DA:36,0
DA:41,4
DA:42,4
DA:43,0
DA:48,4
DA:50,4
DA:51,1
DA:54,3
DA:55,3
DA:56,1
DA:59,2
DA:67,2
DA:68,0
DA:72,2
DA:73,1
DA:83,1
DA:94,1
DA:109,0
DA:110,0
DA:114,3
DA:118,1
DA:119,1
DA:120,0
DA:123,1
DA:127,1
DA:128,0
DA:131,1
DA:132,0
DA:137,1
DA:139,0
DA:140,0
DA:145,3
DA:149,3
DA:150,3
DA:153,3
DA:154,3
DA:155,0
DA:161,3
DA:165,3
DA:166,1
DA:171,2
DA:172,2
DA:173,2
DA:175,2
DA:177,0
DA:178,0
DA:179,0
DA:180,0
DA:185,0
DA:189,3
DA:193,1
DA:194,1
DA:195,1
DA:196,1
DA:198,1
DA:199,1
DA:200,0
DA:207,0
DA:208,0
DA:212,1
DA:213,0
DA:214,0
DA:221,1
DA:228,1
DA:230,1
DA:240,0
DA:241,0
DA:248,3
DA:252,0
DA:253,0
DA:254,0
DA:256,0
DA:257,0
DA:260,0
DA:261,0
DA:262,0
DA:265,0
DA:266,0
DA:267,0
DA:268,0
DA:273,0
DA:282,0
DA:283,0
DA:286,0
DA:287,0
DA:288,0
DA:289,0
DA:293,0
DA:294,0
DA:295,0
DA:296,0
DA:298,0
DA:302,0
DA:303,0
DA:307,0
DA:308,0
DA:309,0
DA:310,0
DA:312,0
DA:316,0
DA:317,0
DA:321,0
DA:330,0
DA:331,0
DA:334,0
DA:336,0
DA:337,0
DA:338,0
DA:339,0
DA:344,0
DA:348,3
DA:352,1
DA:353,1
DA:355,1
DA:356,0
DA:359,1
DA:360,1
DA:361,0
DA:364,1
DA:366,0
DA:367,0
DA:375,3
DA:379,1
DA:380,1
DA:385,1
DA:387,0
DA:388,0
DA:392,3
DA:396,0
DA:397,0
DA:399,0
DA:400,0
DA:403,0
DA:410,0
DA:411,0
DA:414,0
DA:416,0
DA:417,0
DA:424,3
DA:428,2
DA:429,2
DA:431,2
DA:432,0
DA:435,2
DA:447,2
DA:448,1
DA:451,1
DA:453,0
DA:454,0
DA:458,3
DA:462,2
DA:463,2
DA:464,2
DA:466,2
DA:467,0
DA:470,2
DA:471,1
DA:474,1
DA:486,1
DA:487,0
DA:490,1
DA:492,0
DA:493,0
DA:498,3
DA:502,1
DA:503,1
DA:504,1
DA:506,1
DA:516,1
DA:517,1
DA:518,3
DA:519,3
DA:523,1
DA:524,1
DA:525,1
DA:526,0
DA:528,1
DA:532,1
DA:533,0
DA:537,1
DA:546,1
DA:547,0
DA:550,1
DA:552,0
DA:553,0
DA:554,0
DA:555,0
DA:560,0
DA:564,3
DA:568,2
DA:569,2
DA:571,2
DA:572,1
DA:575,1
DA:577,1
DA:578,0
DA:581,1
DA:583,0
DA:584,0
LF:206
LH:107
BRDA:35,0,0,0
BRDA:35,1,0,4
BRDA:35,1,1,4
BRDA:42,2,0,0
BRDA:50,3,0,1
BRDA:55,4,0,1
BRDA:67,5,0,0
BRDA:72,6,0,1
BRDA:72,7,0,2
BRDA:72,7,1,2
BRDA:77,8,0,0
BRDA:77,8,1,1
BRDA:88,9,0,1
BRDA:88,9,1,0
BRDA:119,10,0,0
BRDA:127,11,0,0
BRDA:131,12,0,0
BRDA:154,13,0,0
BRDA:165,14,0,1
BRDA:178,15,0,0
BRDA:194,16,0,1
BRDA:194,16,1,1
BRDA:195,17,0,1
BRDA:195,17,1,1
BRDA:199,18,0,0
BRDA:199,19,0,1
BRDA:199,19,1,0
BRDA:207,20,0,0
BRDA:212,21,0,0
BRDA:212,22,0,1
BRDA:212,22,1,0
BRDA:243,23,0,0
BRDA:243,23,1,0
BRDA:256,24,0,0
BRDA:261,25,0,0
BRDA:267,26,0,0
BRDA:267,27,0,0
BRDA:267,27,1,0
BRDA:282,28,0,0
BRDA:288,29,0,0
BRDA:293,30,0,0
BRDA:295,31,0,0
BRDA:302,32,0,0
BRDA:307,33,0,0
BRDA:309,34,0,0
BRDA:316,35,0,0
BRDA:330,36,0,0
BRDA:337,37,0,0
BRDA:355,38,0,0
BRDA:360,39,0,0
BRDA:369,40,0,0
BRDA:369,40,1,0
BRDA:399,41,0,0
BRDA:410,42,0,0
BRDA:419,43,0,0
BRDA:419,43,1,0
BRDA:431,44,0,0
BRDA:447,45,0,1
BRDA:466,46,0,0
BRDA:470,47,0,1
BRDA:486,48,0,0
BRDA:518,49,0,3
BRDA:523,50,0,1
BRDA:525,51,0,0
BRDA:532,52,0,0
BRDA:546,53,0,0
BRDA:553,54,0,0
BRDA:571,55,0,1
BRDA:577,56,0,0
BRF:69
BRH:21
end_of_record
TN:
SF:src\middleware\auth.ts
FN:19,(anonymous_1)
FN:79,(anonymous_2)
FN:80,(anonymous_3)
FN:130,(anonymous_4)
FNF:4
FNH:3
FNDA:16,(anonymous_1)
FNDA:33,(anonymous_2)
FNDA:9,(anonymous_3)
FNDA:0,(anonymous_4)
DA:2,3
DA:3,3
DA:4,3
DA:19,3
DA:24,16
DA:25,16
DA:27,16
DA:28,2
DA:31,14
DA:40,14
DA:41,0
DA:44,14
DA:45,14
DA:46,0
DA:50,14
DA:51,0
DA:55,14
DA:56,2
DA:66,12
DA:72,12
DA:74,0
DA:79,3
DA:80,33
DA:81,9
DA:82,0
DA:86,9
DA:87,9
DA:91,0
DA:92,0
DA:100,0
DA:105,3
DA:106,3
DA:107,3
DA:108,3
DA:109,3
DA:110,3
DA:113,3
DA:118,3
DA:123,3
DA:130,3
DA:131,0
LF:41
LH:32
BRDA:25,0,0,2
BRDA:25,0,1,14
BRDA:25,1,0,16
BRDA:25,1,1,16
BRDA:27,2,0,2
BRDA:33,3,0,14
BRDA:33,3,1,0
BRDA:40,4,0,0
BRDA:45,5,0,0
BRDA:50,6,0,0
BRDA:55,7,0,2
BRDA:55,8,0,14
BRDA:55,8,1,5
BRDA:60,9,0,0
BRDA:60,9,1,2
BRDA:81,10,0,0
BRDA:86,11,0,9
BRDA:91,12,0,0
BRDA:136,13,0,0
BRDA:136,13,1,0
BRF:20
BRH:11
end_of_record
TN:
SF:src\middleware\security.ts
FN:65,validateRequest
FN:78,(anonymous_2)
FN:79,(anonymous_3)
FN:85,(anonymous_4)
FN:103,(anonymous_5)
FNF:5
FNH:4
FNDA:12,validateRequest
FNDA:33,(anonymous_2)
FNDA:18,(anonymous_3)
FNDA:18,(anonymous_4)
FNDA:0,(anonymous_5)
DA:1,3
DA:2,3
DA:4,3
DA:7,3
DA:13,3
DA:19,3
DA:26,3
DA:32,3
DA:54,3
DA:70,12
DA:71,12
DA:72,4
DA:74,8
DA:78,3
DA:79,33
DA:84,18
DA:85,18
DA:86,18
DA:88,18
DA:89,11
DA:90,11
DA:99,11
DA:100,8
DA:103,11
DA:104,0
DA:107,0
DA:110,18
DA:112,18
LF:28
LH:26
BRDA:9,0,0,3
BRDA:9,0,1,0
BRDA:15,1,0,3
BRDA:15,1,1,0
BRDA:21,2,0,3
BRDA:21,2,1,0
BRDA:71,3,0,4
BRDA:88,4,0,11
BRDA:88,5,0,18
BRDA:88,5,1,18
BRDA:99,6,0,8
BRDA:99,7,0,11
BRDA:99,7,1,8
BRDA:99,8,0,3
BRDA:99,8,1,8
BRDA:99,9,0,11
BRDA:99,9,1,11
BRF:17
BRH:14
end_of_record
TN:
SF:src\models\AuditLog.ts
FNF:0
FNH:0
DA:1,3
DA:13,3
DA:50,3
DA:51,3
DA:53,3
LF:5
LH:5
BRF:0
BRH:0
end_of_record
TN:
SF:src\models\User.ts
FN:107,(anonymous_10)
FN:123,(anonymous_11)
FNF:2
FNH:2
FNDA:39,(anonymous_10)
FNDA:3,(anonymous_11)
DA:1,3
DA:2,3
DA:3,3
DA:4,3
DA:27,3
DA:107,3
DA:108,39
DA:110,39
DA:111,39
DA:112,39
DA:116,39
DA:118,0
DA:123,3
DA:126,3
DA:132,3
LF:15
LH:14
BRDA:108,0,0,0
BRF:1
BRH:0
end_of_record
TN:
SF:src\routes\userRoutes.ts
FNF:0
FNH:0
DA:1,3
DA:2,3
DA:16,3
DA:17,3
DA:27,3
DA:30,3
DA:37,3
DA:44,3
DA:47,3
DA:50,3
DA:51,3
DA:59,3
DA:60,3
DA:61,3
DA:62,3
DA:65,3
DA:71,3
DA:78,3
DA:80,3
LF:19
LH:19
BRF:0
BRH:0
end_of_record
TN:
SF:src\utils\validateEnv.ts
FN:1,validateEnv
FN:3,(anonymous_1)
FNF:2
FNH:2
FNDA:3,validateEnv
FNDA:9,(anonymous_1)
DA:1,3
DA:2,3
DA:3,9
DA:5,3
DA:6,0
LF:5
LH:4
BRDA:5,0,0,0
BRF:1
BRH:0
end_of_record
TN:
SF:tests\helpers.ts
FN:4,(anonymous_1)
FN:19,(anonymous_2)
FN:27,(anonymous_3)
FNF:3
FNH:3
FNDA:16,(anonymous_1)
FNDA:20,(anonymous_2)
FNDA:16,(anonymous_3)
DA:1,2
DA:2,2
DA:4,2
DA:5,16
DA:16,16
DA:19,2
DA:20,20
DA:27,2
DA:28,16
DA:38,16
LF:10
LH:10
BRDA:4,0,0,0
BRDA:19,1,0,2
BRDA:22,2,0,20
BRDA:22,2,1,0
BRF:4
BRH:2
end_of_record
